[ 2017-07-27T17:27:59+08:00 ] 127.0.0.1 /sim.php?s=/Service/index
ERR: 1064:You have an error in your SQL syntax; check the manual that corresponds to your MySQL server version for the right syntax to use near ')' at line 1
 [ SQL语句 ] : SELECT * FROM si_sever WHERE ( cid= ) 
ERR: 1064:You have an error in your SQL syntax; check the manual that corresponds to your MySQL server version for the right syntax to use near ')' at line 1
 [ SQL语句 ] : SELECT * FROM si_sever WHERE ( cid= ) 

[ 2017-07-27T17:28:08+08:00 ] 127.0.0.1 /sim.php?s=/Service/index
ERR: 1064:You have an error in your SQL syntax; check the manual that corresponds to your MySQL server version for the right syntax to use near ')' at line 1
 [ SQL语句 ] : SELECT * FROM si_sever WHERE ( cid= ) 
ERR: 1064:You have an error in your SQL syntax; check the manual that corresponds to your MySQL server version for the right syntax to use near ')' at line 1
 [ SQL语句 ] : SELECT * FROM si_sever WHERE ( cid= ) 

[ 2017-07-27T17:28:59+08:00 ] 127.0.0.1 /sim.php?s=/Service/index
ERR: 1064:You have an error in your SQL syntax; check the manual that corresponds to your MySQL server version for the right syntax to use near ')' at line 1
 [ SQL语句 ] : SELECT * FROM si_sever WHERE ( cid= ) 
ERR: 1064:You have an error in your SQL syntax; check the manual that corresponds to your MySQL server version for the right syntax to use near ')' at line 1
 [ SQL语句 ] : SELECT * FROM si_sever WHERE ( cid= ) 

[ 2017-07-27T17:29:54+08:00 ] 127.0.0.1 /sim.php?s=/Service/index
ERR: 1064:You have an error in your SQL syntax; check the manual that corresponds to your MySQL server version for the right syntax to use near ')' at line 1
 [ SQL语句 ] : SELECT * FROM si_sever WHERE ( cid= ) 
ERR: 1064:You have an error in your SQL syntax; check the manual that corresponds to your MySQL server version for the right syntax to use near ')' at line 1
 [ SQL语句 ] : SELECT * FROM si_sever WHERE ( cid= ) 

[ 2017-07-27T17:46:45+08:00 ] 127.0.0.1 /sim.php?s=/Service/index
ERR: 1064:You have an error in your SQL syntax; check the manual that corresponds to your MySQL server version for the right syntax to use near ')' at line 1
 [ SQL语句 ] : SELECT * FROM si_sever WHERE ( cid= ) 
ERR: 1064:You have an error in your SQL syntax; check the manual that corresponds to your MySQL server version for the right syntax to use near ')' at line 1
 [ SQL语句 ] : SELECT * FROM si_sever WHERE ( cid= ) 

[ 2017-07-27T17:46:55+08:00 ] 10.4.10.100 /sim.php?s=/Service/index
ERR: 1064:You have an error in your SQL syntax; check the manual that corresponds to your MySQL server version for the right syntax to use near ')' at line 1
 [ SQL语句 ] : SELECT * FROM si_sever WHERE ( cid= ) 
ERR: 1064:You have an error in your SQL syntax; check the manual that corresponds to your MySQL server version for the right syntax to use near ')' at line 1
 [ SQL语句 ] : SELECT * FROM si_sever WHERE ( cid= ) 

[ 2017-07-27T17:47:26+08:00 ] 10.4.8.99 /sim.php?s=/Service/index
ERR: 1064:You have an error in your SQL syntax; check the manual that corresponds to your MySQL server version for the right syntax to use near ')' at line 1
 [ SQL语句 ] : SELECT * FROM si_sever WHERE ( cid= ) 
ERR: 1064:You have an error in your SQL syntax; check the manual that corresponds to your MySQL server version for the right syntax to use near ')' at line 1
 [ SQL语句 ] : SELECT * FROM si_sever WHERE ( cid= ) 

[ 2017-07-27T17:47:35+08:00 ] 10.4.10.100 /sim.php?s=/Service/index
ERR: 1064:You have an error in your SQL syntax; check the manual that corresponds to your MySQL server version for the right syntax to use near ')' at line 1
 [ SQL语句 ] : SELECT * FROM si_sever WHERE ( cid= ) 
ERR: 1064:You have an error in your SQL syntax; check the manual that corresponds to your MySQL server version for the right syntax to use near ')' at line 1
 [ SQL语句 ] : SELECT * FROM si_sever WHERE ( cid= ) 

[ 2017-07-27T17:49:40+08:00 ] 10.4.10.100 /sim.php?s=/Service/index
ERR: 1064:You have an error in your SQL syntax; check the manual that corresponds to your MySQL server version for the right syntax to use near ')' at line 1
 [ SQL语句 ] : SELECT * FROM si_sever WHERE ( cid= ) 
ERR: 1064:You have an error in your SQL syntax; check the manual that corresponds to your MySQL server version for the right syntax to use near ')' at line 1
 [ SQL语句 ] : SELECT * FROM si_sever WHERE ( cid= ) 

[ 2017-07-27T17:50:10+08:00 ] 10.4.10.100 /sim.php?s=/Service/index
ERR: 1064:You have an error in your SQL syntax; check the manual that corresponds to your MySQL server version for the right syntax to use near ')' at line 1
 [ SQL语句 ] : SELECT * FROM si_sever WHERE ( cid= ) 
ERR: 1064:You have an error in your SQL syntax; check the manual that corresponds to your MySQL server version for the right syntax to use near ')' at line 1
 [ SQL语句 ] : SELECT * FROM si_sever WHERE ( cid= ) 

[ 2017-07-27T17:51:25+08:00 ] 127.0.0.1 /sim.php?s=/Service/index
ERR: 1064:You have an error in your SQL syntax; check the manual that corresponds to your MySQL server version for the right syntax to use near ')' at line 1
 [ SQL语句 ] : SELECT * FROM si_sever WHERE ( cid= ) 
ERR: 1064:You have an error in your SQL syntax; check the manual that corresponds to your MySQL server version for the right syntax to use near ')' at line 1
 [ SQL语句 ] : SELECT * FROM si_sever WHERE ( cid= ) 

[ 2017-07-27T17:52:14+08:00 ] 127.0.0.1 /sim.php?s=/Service/index
ERR: 1064:You have an error in your SQL syntax; check the manual that corresponds to your MySQL server version for the right syntax to use near ')' at line 1
 [ SQL语句 ] : SELECT * FROM si_sever WHERE ( cid= ) 
ERR: 1064:You have an error in your SQL syntax; check the manual that corresponds to your MySQL server version for the right syntax to use near ')' at line 1
 [ SQL语句 ] : SELECT * FROM si_sever WHERE ( cid= ) 

[ 2017-07-27T17:54:00+08:00 ] 127.0.0.1 /sim.php?s=/Public/editorMethod&action=config&&noCache=1501149240624
INFO: [ app_init ] --START--
INFO: Run Behavior\BuildLiteBehavior [ RunTime:0.000000s ]
INFO: [ app_init ] --END-- [ RunTime:0.001000s ]
INFO: [ app_begin ] --START--
INFO: Run Behavior\ReadHtmlCacheBehavior [ RunTime:0.001000s ]
INFO: [ app_begin ] --END-- [ RunTime:0.001000s ]
INFO: [ app_end ] --START--
INFO: Run Behavior\ShowPageTraceBehavior [ RunTime:0.002000s ]
INFO: [ app_end ] --END-- [ RunTime:0.002000s ]

[ 2017-07-27T17:54:03+08:00 ] 127.0.0.1 /sim.php?s=/Service/index
INFO: [ app_init ] --START--
INFO: Run Behavior\BuildLiteBehavior [ RunTime:0.000000s ]
INFO: [ app_init ] --END-- [ RunTime:0.000000s ]
INFO: [ app_begin ] --START--
INFO: Run Behavior\ReadHtmlCacheBehavior [ RunTime:0.001000s ]
INFO: [ app_begin ] --END-- [ RunTime:0.001000s ]
NOTIC: [2048] Declaration of Think\Db\Driver\Mysql::parseKey() should be compatible with Think\Db\Driver::parseKey(&$key) D:\ying\upupw\htdocs\Include\Library\Think\Db\Driver\Mysql.class.php 第 20 行.
SQL: SHOW COLUMNS FROM `si_sever` [ RunTime:0.0070s ]
ERR: 1064:You have an error in your SQL syntax; check the manual that corresponds to your MySQL server version for the right syntax to use near ')' at line 1
 [ SQL语句 ] : SELECT * FROM si_sever WHERE ( cid= ) 
ERR: 1064:You have an error in your SQL syntax; check the manual that corresponds to your MySQL server version for the right syntax to use near ')' at line 1
 [ SQL语句 ] : SELECT * FROM si_sever WHERE ( cid= ) 

[ 2017-07-27T17:54:29+08:00 ] 127.0.0.1 /sim.php?s=/Newtb/index/pid/8
INFO: [ app_init ] --START--
INFO: Run Behavior\BuildLiteBehavior [ RunTime:0.000000s ]
INFO: [ app_init ] --END-- [ RunTime:0.001000s ]
INFO: [ app_begin ] --START--
INFO: Run Behavior\ReadHtmlCacheBehavior [ RunTime:0.002000s ]
INFO: [ app_begin ] --END-- [ RunTime:0.002000s ]
NOTIC: [2048] Declaration of Think\Db\Driver\Mysql::parseKey() should be compatible with Think\Db\Driver::parseKey(&$key) D:\ying\upupw\htdocs\Include\Library\Think\Db\Driver\Mysql.class.php 第 20 行.
SQL: SHOW COLUMNS FROM `si_category` [ RunTime:0.0090s ]
SQL: SELECT * FROM si_category WHERE `id` = 8 LIMIT 1   [ RunTime:0.0010s ]
SQL: SELECT * FROM si_category WHERE `id` = 8 LIMIT 1   [ RunTime:0.0010s ]
NOTIC: [8] Undefined variable: new_data D:\ying\upupw\htdocs\App\Manage\Controller\NewtbController.class.php 第 45 行.
INFO: [ view_parse ] --START--
INFO: [ template_filter ] --START--
INFO: Run Behavior\ContentReplaceBehavior [ RunTime:0.001000s ]
INFO: [ template_filter ] --END-- [ RunTime:0.001000s ]
INFO: Run Behavior\ParseTemplateBehavior [ RunTime:0.026001s ]
INFO: [ view_parse ] --END-- [ RunTime:0.026001s ]
INFO: [ view_filter ] --START--
INFO: Run Behavior\WriteHtmlCacheBehavior [ RunTime:0.001000s ]
INFO: Run Behavior\TokenBuildBehavior [ RunTime:0.001000s ]
INFO: [ view_filter ] --END-- [ RunTime:0.003000s ]
INFO: [ app_end ] --START--
INFO: Run Behavior\ShowPageTraceBehavior [ RunTime:0.001000s ]
INFO: [ app_end ] --END-- [ RunTime:0.001000s ]

[ 2017-07-27T17:55:17+08:00 ] 127.0.0.1 /sim.php?s=/Newtb/index/pid/8
INFO: [ app_init ] --START--
INFO: Run Behavior\BuildLiteBehavior [ RunTime:0.000000s ]
INFO: [ app_init ] --END-- [ RunTime:0.001000s ]
INFO: [ app_begin ] --START--
INFO: Run Behavior\ReadHtmlCacheBehavior [ RunTime:0.001000s ]
INFO: [ app_begin ] --END-- [ RunTime:0.002000s ]
NOTIC: [2048] Declaration of Think\Db\Driver\Mysql::parseKey() should be compatible with Think\Db\Driver::parseKey(&$key) D:\ying\upupw\htdocs\Include\Library\Think\Db\Driver\Mysql.class.php 第 20 行.
SQL: SHOW COLUMNS FROM `si_category` [ RunTime:0.0070s ]
SQL: SELECT * FROM si_category WHERE `id` = 8 LIMIT 1   [ RunTime:0.0010s ]
SQL: SELECT * FROM si_category WHERE `id` = 8 LIMIT 1   [ RunTime:0.0000s ]
NOTIC: [8] Undefined variable: new_data D:\ying\upupw\htdocs\App\Manage\Controller\NewtbController.class.php 第 45 行.
INFO: [ view_parse ] --START--
INFO: [ template_filter ] --START--
INFO: Run Behavior\ContentReplaceBehavior [ RunTime:0.000000s ]
INFO: [ template_filter ] --END-- [ RunTime:0.000000s ]
INFO: Run Behavior\ParseTemplateBehavior [ RunTime:0.025002s ]
INFO: [ view_parse ] --END-- [ RunTime:0.025002s ]
INFO: [ view_filter ] --START--
INFO: Run Behavior\WriteHtmlCacheBehavior [ RunTime:0.001000s ]
INFO: Run Behavior\TokenBuildBehavior [ RunTime:0.001000s ]
INFO: [ view_filter ] --END-- [ RunTime:0.003000s ]
INFO: [ app_end ] --START--
INFO: Run Behavior\ShowPageTraceBehavior [ RunTime:0.001000s ]
INFO: [ app_end ] --END-- [ RunTime:0.001000s ]

[ 2017-07-27T17:55:49+08:00 ] 10.4.10.100 /sim.php?s=/Newtb/index/pid/5
INFO: [ app_init ] --START--
INFO: Run Behavior\BuildLiteBehavior [ RunTime:0.001000s ]
INFO: [ app_init ] --END-- [ RunTime:0.002000s ]
INFO: [ app_begin ] --START--
INFO: Run Behavior\ReadHtmlCacheBehavior [ RunTime:0.002000s ]
INFO: [ app_begin ] --END-- [ RunTime:0.002000s ]
NOTIC: [2048] Declaration of Think\Db\Driver\Mysql::parseKey() should be compatible with Think\Db\Driver::parseKey(&$key) D:\ying\upupw\htdocs\Include\Library\Think\Db\Driver\Mysql.class.php 第 20 行.
SQL: SHOW COLUMNS FROM `si_category` [ RunTime:0.0080s ]
SQL: SELECT * FROM si_category WHERE `id` = 5 LIMIT 1   [ RunTime:0.0010s ]
SQL: SELECT * FROM si_category WHERE `id` = 5 LIMIT 1   [ RunTime:0.0000s ]
NOTIC: [8] Undefined variable: new_data D:\ying\upupw\htdocs\App\Manage\Controller\NewtbController.class.php 第 45 行.
INFO: [ view_parse ] --START--
INFO: [ template_filter ] --START--
INFO: Run Behavior\ContentReplaceBehavior [ RunTime:0.000000s ]
INFO: [ template_filter ] --END-- [ RunTime:0.000000s ]
INFO: Run Behavior\ParseTemplateBehavior [ RunTime:0.027002s ]
INFO: [ view_parse ] --END-- [ RunTime:0.028002s ]
INFO: [ view_filter ] --START--
INFO: Run Behavior\WriteHtmlCacheBehavior [ RunTime:0.001000s ]
INFO: Run Behavior\TokenBuildBehavior [ RunTime:0.001000s ]
INFO: [ view_filter ] --END-- [ RunTime:0.002000s ]
INFO: [ app_end ] --START--
INFO: Run Behavior\ShowPageTraceBehavior [ RunTime:0.001000s ]
INFO: [ app_end ] --END-- [ RunTime:0.001000s ]

[ 2017-07-27T17:55:49+08:00 ] 10.4.10.100 /sim.php?s=/Newtb/index/pid/8
INFO: [ app_init ] --START--
INFO: Run Behavior\BuildLiteBehavior [ RunTime:0.000000s ]
INFO: [ app_init ] --END-- [ RunTime:0.001000s ]
INFO: [ app_begin ] --START--
INFO: Run Behavior\ReadHtmlCacheBehavior [ RunTime:0.001000s ]
INFO: [ app_begin ] --END-- [ RunTime:0.001000s ]
NOTIC: [2048] Declaration of Think\Db\Driver\Mysql::parseKey() should be compatible with Think\Db\Driver::parseKey(&$key) D:\ying\upupw\htdocs\Include\Library\Think\Db\Driver\Mysql.class.php 第 20 行.
SQL: SHOW COLUMNS FROM `si_category` [ RunTime:0.0080s ]
SQL: SELECT * FROM si_category WHERE `id` = 8 LIMIT 1   [ RunTime:0.0010s ]
SQL: SELECT * FROM si_category WHERE `id` = 8 LIMIT 1   [ RunTime:0.0010s ]
NOTIC: [8] Undefined variable: new_data D:\ying\upupw\htdocs\App\Manage\Controller\NewtbController.class.php 第 45 行.
INFO: [ view_parse ] --START--
INFO: [ template_filter ] --START--
INFO: Run Behavior\ContentReplaceBehavior [ RunTime:0.000000s ]
INFO: [ template_filter ] --END-- [ RunTime:0.000000s ]
INFO: Run Behavior\ParseTemplateBehavior [ RunTime:0.028002s ]
INFO: [ view_parse ] --END-- [ RunTime:0.028002s ]
INFO: [ view_filter ] --START--
INFO: Run Behavior\WriteHtmlCacheBehavior [ RunTime:0.001000s ]
INFO: Run Behavior\TokenBuildBehavior [ RunTime:0.001000s ]
INFO: [ view_filter ] --END-- [ RunTime:0.002000s ]
INFO: [ app_end ] --START--
INFO: Run Behavior\ShowPageTraceBehavior [ RunTime:0.001000s ]
INFO: [ app_end ] --END-- [ RunTime:0.002000s ]

[ 2017-07-27T17:55:50+08:00 ] 10.4.10.100 /sim.php?s=/Service/index/pid/47
INFO: [ app_init ] --START--
INFO: Run Behavior\BuildLiteBehavior [ RunTime:0.000000s ]
INFO: [ app_init ] --END-- [ RunTime:0.001000s ]
INFO: [ app_begin ] --START--
INFO: Run Behavior\ReadHtmlCacheBehavior [ RunTime:0.001000s ]
INFO: [ app_begin ] --END-- [ RunTime:0.001000s ]
NOTIC: [2048] Declaration of Think\Db\Driver\Mysql::parseKey() should be compatible with Think\Db\Driver::parseKey(&$key) D:\ying\upupw\htdocs\Include\Library\Think\Db\Driver\Mysql.class.php 第 20 行.
SQL: SHOW COLUMNS FROM `si_sever` [ RunTime:0.0070s ]
SQL: SELECT * FROM si_sever WHERE ( cid=47 )  [ RunTime:0.0010s ]
INFO: [ view_parse ] --START--
INFO: [ template_filter ] --START--
INFO: Run Behavior\ContentReplaceBehavior [ RunTime:0.000000s ]
INFO: [ template_filter ] --END-- [ RunTime:0.000000s ]
INFO: Run Behavior\ParseTemplateBehavior [ RunTime:0.014001s ]
INFO: [ view_parse ] --END-- [ RunTime:0.014001s ]
INFO: [ view_filter ] --START--
INFO: Run Behavior\WriteHtmlCacheBehavior [ RunTime:0.001000s ]
INFO: Run Behavior\TokenBuildBehavior [ RunTime:0.002000s ]
INFO: [ view_filter ] --END-- [ RunTime:0.003000s ]
INFO: [ app_end ] --START--
INFO: Run Behavior\ShowPageTraceBehavior [ RunTime:0.001000s ]
INFO: [ app_end ] --END-- [ RunTime:0.001000s ]

[ 2017-07-27T17:55:51+08:00 ] 10.4.10.100 /sim.php?s=/Public/editorMethod&action=config&&noCache=1501149419916
INFO: [ app_init ] --START--
INFO: Run Behavior\BuildLiteBehavior [ RunTime:0.000000s ]
INFO: [ app_init ] --END-- [ RunTime:0.001001s ]
INFO: [ app_begin ] --START--
INFO: Run Behavior\ReadHtmlCacheBehavior [ RunTime:0.002000s ]
INFO: [ app_begin ] --END-- [ RunTime:0.002000s ]
INFO: [ app_end ] --START--
INFO: Run Behavior\ShowPageTraceBehavior [ RunTime:0.001000s ]
INFO: [ app_end ] --END-- [ RunTime:0.001000s ]

[ 2017-07-27T17:55:55+08:00 ] 10.4.10.100 /sim.php?s=/Newtb/index/pid/8
INFO: [ app_init ] --START--
INFO: Run Behavior\BuildLiteBehavior [ RunTime:0.000000s ]
INFO: [ app_init ] --END-- [ RunTime:0.002000s ]
INFO: [ app_begin ] --START--
INFO: Run Behavior\ReadHtmlCacheBehavior [ RunTime:0.002001s ]
INFO: [ app_begin ] --END-- [ RunTime:0.002001s ]
NOTIC: [2048] Declaration of Think\Db\Driver\Mysql::parseKey() should be compatible with Think\Db\Driver::parseKey(&$key) D:\ying\upupw\htdocs\Include\Library\Think\Db\Driver\Mysql.class.php 第 20 行.
SQL: SHOW COLUMNS FROM `si_category` [ RunTime:0.0080s ]
SQL: SELECT * FROM si_category WHERE `id` = 8 LIMIT 1   [ RunTime:0.0010s ]
SQL: SELECT * FROM si_category WHERE `id` = 8 LIMIT 1   [ RunTime:0.0010s ]
NOTIC: [8] Undefined variable: new_data D:\ying\upupw\htdocs\App\Manage\Controller\NewtbController.class.php 第 45 行.
INFO: [ view_parse ] --START--
INFO: [ template_filter ] --START--
INFO: Run Behavior\ContentReplaceBehavior [ RunTime:0.000000s ]
INFO: [ template_filter ] --END-- [ RunTime:0.000000s ]
INFO: Run Behavior\ParseTemplateBehavior [ RunTime:0.023001s ]
INFO: [ view_parse ] --END-- [ RunTime:0.023001s ]
INFO: [ view_filter ] --START--
INFO: Run Behavior\WriteHtmlCacheBehavior [ RunTime:0.001000s ]
INFO: Run Behavior\TokenBuildBehavior [ RunTime:0.001000s ]
INFO: [ view_filter ] --END-- [ RunTime:0.002000s ]
INFO: [ app_end ] --START--
INFO: Run Behavior\ShowPageTraceBehavior [ RunTime:0.001000s ]
INFO: [ app_end ] --END-- [ RunTime:0.001000s ]

[ 2017-07-27T17:55:56+08:00 ] 10.4.10.100 /sim.php?s=/Service/index/pid/43
INFO: [ app_init ] --START--
INFO: Run Behavior\BuildLiteBehavior [ RunTime:0.000000s ]
INFO: [ app_init ] --END-- [ RunTime:0.001000s ]
INFO: [ app_begin ] --START--
INFO: Run Behavior\ReadHtmlCacheBehavior [ RunTime:0.001000s ]
INFO: [ app_begin ] --END-- [ RunTime:0.002000s ]
NOTIC: [2048] Declaration of Think\Db\Driver\Mysql::parseKey() should be compatible with Think\Db\Driver::parseKey(&$key) D:\ying\upupw\htdocs\Include\Library\Think\Db\Driver\Mysql.class.php 第 20 行.
SQL: SHOW COLUMNS FROM `si_sever` [ RunTime:0.0070s ]
SQL: SELECT * FROM si_sever WHERE ( cid=43 )  [ RunTime:0.0000s ]
INFO: [ view_parse ] --START--
INFO: [ template_filter ] --START--
INFO: Run Behavior\ContentReplaceBehavior [ RunTime:0.001001s ]
INFO: [ template_filter ] --END-- [ RunTime:0.001001s ]
INFO: Run Behavior\ParseTemplateBehavior [ RunTime:0.013001s ]
INFO: [ view_parse ] --END-- [ RunTime:0.014001s ]
INFO: [ view_filter ] --START--
INFO: Run Behavior\WriteHtmlCacheBehavior [ RunTime:0.000000s ]
INFO: Run Behavior\TokenBuildBehavior [ RunTime:0.001000s ]
INFO: [ view_filter ] --END-- [ RunTime:0.002000s ]
INFO: [ app_end ] --START--
INFO: Run Behavior\ShowPageTraceBehavior [ RunTime:0.001000s ]
INFO: [ app_end ] --END-- [ RunTime:0.001000s ]

[ 2017-07-27T17:55:56+08:00 ] 10.4.10.100 /sim.php?s=/Public/editorMethod&action=config&&noCache=1501149425197
INFO: [ app_init ] --START--
INFO: Run Behavior\BuildLiteBehavior [ RunTime:0.000000s ]
INFO: [ app_init ] --END-- [ RunTime:0.001000s ]
INFO: [ app_begin ] --START--
INFO: Run Behavior\ReadHtmlCacheBehavior [ RunTime:0.001000s ]
INFO: [ app_begin ] --END-- [ RunTime:0.001000s ]
INFO: [ app_end ] --START--
INFO: Run Behavior\ShowPageTraceBehavior [ RunTime:0.001000s ]
INFO: [ app_end ] --END-- [ RunTime:0.001000s ]

[ 2017-07-27T17:56:05+08:00 ] 10.4.10.100 /sim.php?s=/Newtb/index/pid/5
INFO: [ app_init ] --START--
INFO: Run Behavior\BuildLiteBehavior [ RunTime:0.000000s ]
INFO: [ app_init ] --END-- [ RunTime:0.001000s ]
INFO: [ app_begin ] --START--
INFO: Run Behavior\ReadHtmlCacheBehavior [ RunTime:0.001000s ]
INFO: [ app_begin ] --END-- [ RunTime:0.001000s ]
NOTIC: [2048] Declaration of Think\Db\Driver\Mysql::parseKey() should be compatible with Think\Db\Driver::parseKey(&$key) D:\ying\upupw\htdocs\Include\Library\Think\Db\Driver\Mysql.class.php 第 20 行.
SQL: SHOW COLUMNS FROM `si_category` [ RunTime:0.0070s ]
SQL: SELECT * FROM si_category WHERE `id` = 5 LIMIT 1   [ RunTime:0.0010s ]
SQL: SELECT * FROM si_category WHERE `id` = 5 LIMIT 1   [ RunTime:0.0010s ]
NOTIC: [8] Undefined variable: new_data D:\ying\upupw\htdocs\App\Manage\Controller\NewtbController.class.php 第 45 行.
INFO: [ view_parse ] --START--
INFO: [ template_filter ] --START--
INFO: Run Behavior\ContentReplaceBehavior [ RunTime:0.000000s ]
INFO: [ template_filter ] --END-- [ RunTime:0.000000s ]
INFO: Run Behavior\ParseTemplateBehavior [ RunTime:0.026002s ]
INFO: [ view_parse ] --END-- [ RunTime:0.026002s ]
INFO: [ view_filter ] --START--
INFO: Run Behavior\WriteHtmlCacheBehavior [ RunTime:0.000000s ]
INFO: Run Behavior\TokenBuildBehavior [ RunTime:0.002000s ]
INFO: [ view_filter ] --END-- [ RunTime:0.002000s ]
INFO: [ app_end ] --START--
INFO: Run Behavior\ShowPageTraceBehavior [ RunTime:0.001000s ]
INFO: [ app_end ] --END-- [ RunTime:0.001000s ]

[ 2017-07-27T17:56:06+08:00 ] 10.4.10.100 /sim.php?s=/Service/index/pid/91
INFO: [ app_init ] --START--
INFO: Run Behavior\BuildLiteBehavior [ RunTime:0.001000s ]
INFO: [ app_init ] --END-- [ RunTime:0.002000s ]
INFO: [ app_begin ] --START--
INFO: Run Behavior\ReadHtmlCacheBehavior [ RunTime:0.001000s ]
INFO: [ app_begin ] --END-- [ RunTime:0.002000s ]
NOTIC: [2048] Declaration of Think\Db\Driver\Mysql::parseKey() should be compatible with Think\Db\Driver::parseKey(&$key) D:\ying\upupw\htdocs\Include\Library\Think\Db\Driver\Mysql.class.php 第 20 行.
SQL: SHOW COLUMNS FROM `si_sever` [ RunTime:0.0060s ]
SQL: SELECT * FROM si_sever WHERE ( cid=91 )  [ RunTime:0.0010s ]
INFO: [ view_parse ] --START--
INFO: [ template_filter ] --START--
INFO: Run Behavior\ContentReplaceBehavior [ RunTime:0.000000s ]
INFO: [ template_filter ] --END-- [ RunTime:0.000000s ]
INFO: Run Behavior\ParseTemplateBehavior [ RunTime:0.013001s ]
INFO: [ view_parse ] --END-- [ RunTime:0.013001s ]
INFO: [ view_filter ] --START--
INFO: Run Behavior\WriteHtmlCacheBehavior [ RunTime:0.002000s ]
INFO: Run Behavior\TokenBuildBehavior [ RunTime:0.001000s ]
INFO: [ view_filter ] --END-- [ RunTime:0.003000s ]
INFO: [ app_end ] --START--
INFO: Run Behavior\ShowPageTraceBehavior [ RunTime:0.001000s ]
INFO: [ app_end ] --END-- [ RunTime:0.001000s ]

[ 2017-07-27T17:56:06+08:00 ] 10.4.10.100 /sim.php?s=/Public/editorMethod&action=config&&noCache=1501149435575
INFO: [ app_init ] --START--
INFO: Run Behavior\BuildLiteBehavior [ RunTime:0.000000s ]
INFO: [ app_init ] --END-- [ RunTime:0.002000s ]
INFO: [ app_begin ] --START--
INFO: Run Behavior\ReadHtmlCacheBehavior [ RunTime:0.001000s ]
INFO: [ app_begin ] --END-- [ RunTime:0.001000s ]
INFO: [ app_end ] --START--
INFO: Run Behavior\ShowPageTraceBehavior [ RunTime:0.001000s ]
INFO: [ app_end ] --END-- [ RunTime:0.001000s ]

[ 2017-07-27T17:56:32+08:00 ] 127.0.0.1 /sim.php?s=/Newtb/index
INFO: [ app_init ] --START--
INFO: Run Behavior\BuildLiteBehavior [ RunTime:0.000000s ]
INFO: [ app_init ] --END-- [ RunTime:0.001000s ]
INFO: [ app_begin ] --START--
INFO: Run Behavior\ReadHtmlCacheBehavior [ RunTime:0.001001s ]
INFO: [ app_begin ] --END-- [ RunTime:0.002001s ]
NOTIC: [2048] Declaration of Think\Db\Driver\Mysql::parseKey() should be compatible with Think\Db\Driver::parseKey(&$key) D:\ying\upupw\htdocs\Include\Library\Think\Db\Driver\Mysql.class.php 第 20 行.
SQL: SHOW COLUMNS FROM `si_category` [ RunTime:0.0070s ]
SQL: SELECT * FROM si_category WHERE `id` = 0 LIMIT 1   [ RunTime:0.0010s ]
SQL: SELECT * FROM si_category WHERE `id` = 0 LIMIT 1   [ RunTime:0.0010s ]
NOTIC: [8] Undefined variable: new_data D:\ying\upupw\htdocs\App\Manage\Controller\NewtbController.class.php 第 45 行.
INFO: [ view_parse ] --START--
INFO: [ template_filter ] --START--
INFO: Run Behavior\ContentReplaceBehavior [ RunTime:0.000000s ]
INFO: [ template_filter ] --END-- [ RunTime:0.001000s ]
NOTIC: [8] Undefined index: name D:\ying\upupw\htdocs\Runtime\Cache\Manage\0e22bad907c98ac19aa735a9dd7c8ac6.php 第 49 行.
INFO: Run Behavior\ParseTemplateBehavior [ RunTime:0.025001s ]
INFO: [ view_parse ] --END-- [ RunTime:0.026002s ]
INFO: [ view_filter ] --START--
INFO: Run Behavior\WriteHtmlCacheBehavior [ RunTime:0.000000s ]
INFO: Run Behavior\TokenBuildBehavior [ RunTime:0.001000s ]
INFO: [ view_filter ] --END-- [ RunTime:0.002000s ]
INFO: [ app_end ] --START--
INFO: Run Behavior\ShowPageTraceBehavior [ RunTime:0.001000s ]
INFO: [ app_end ] --END-- [ RunTime:0.002000s ]

[ 2017-07-27T17:58:53+08:00 ] 127.0.0.1 /sim.php?s=/Newtb/index/pid/8
INFO: [ app_init ] --START--
INFO: Run Behavior\BuildLiteBehavior [ RunTime:0.001000s ]
INFO: [ app_init ] --END-- [ RunTime:0.001000s ]
INFO: [ app_begin ] --START--
INFO: Run Behavior\ReadHtmlCacheBehavior [ RunTime:0.001000s ]
INFO: [ app_begin ] --END-- [ RunTime:0.002000s ]
NOTIC: [2048] Declaration of Think\Db\Driver\Mysql::parseKey() should be compatible with Think\Db\Driver::parseKey(&$key) D:\ying\upupw\htdocs\Include\Library\Think\Db\Driver\Mysql.class.php 第 20 行.
SQL: SHOW COLUMNS FROM `si_category` [ RunTime:0.0070s ]
SQL: SELECT * FROM si_category WHERE `id` = 8 LIMIT 1   [ RunTime:0.0010s ]
SQL: SELECT * FROM si_category WHERE `id` = 8 LIMIT 1   [ RunTime:0.0000s ]
NOTIC: [8] Undefined variable: new_data D:\ying\upupw\htdocs\App\Manage\Controller\NewtbController.class.php 第 45 行.
INFO: [ view_parse ] --START--
INFO: [ template_filter ] --START--
INFO: Run Behavior\ContentReplaceBehavior [ RunTime:0.000000s ]
INFO: [ template_filter ] --END-- [ RunTime:0.000000s ]
INFO: Run Behavior\ParseTemplateBehavior [ RunTime:0.025001s ]
INFO: [ view_parse ] --END-- [ RunTime:0.025001s ]
INFO: [ view_filter ] --START--
INFO: Run Behavior\WriteHtmlCacheBehavior [ RunTime:0.001000s ]
INFO: Run Behavior\TokenBuildBehavior [ RunTime:0.001000s ]
INFO: [ view_filter ] --END-- [ RunTime:0.004000s ]
INFO: [ app_end ] --START--
INFO: Run Behavior\ShowPageTraceBehavior [ RunTime:0.002000s ]
INFO: [ app_end ] --END-- [ RunTime:0.002000s ]

[ 2017-07-27T17:58:54+08:00 ] 127.0.0.1 /sim.php?s=/Service/index/pid/47
INFO: [ app_init ] --START--
INFO: Run Behavior\BuildLiteBehavior [ RunTime:0.000000s ]
INFO: [ app_init ] --END-- [ RunTime:0.001000s ]
INFO: [ app_begin ] --START--
INFO: Run Behavior\ReadHtmlCacheBehavior [ RunTime:0.002000s ]
INFO: [ app_begin ] --END-- [ RunTime:0.002000s ]
NOTIC: [2048] Declaration of Think\Db\Driver\Mysql::parseKey() should be compatible with Think\Db\Driver::parseKey(&$key) D:\ying\upupw\htdocs\Include\Library\Think\Db\Driver\Mysql.class.php 第 20 行.
SQL: SHOW COLUMNS FROM `si_sever` [ RunTime:0.0080s ]
SQL: SELECT * FROM si_sever WHERE ( cid=47 )  [ RunTime:0.0010s ]
INFO: [ view_parse ] --START--
INFO: [ template_filter ] --START--
INFO: Run Behavior\ContentReplaceBehavior [ RunTime:0.001000s ]
INFO: [ template_filter ] --END-- [ RunTime:0.001000s ]

[ 2017-07-27T17:59:13+08:00 ] 127.0.0.1 /sim.php?s=/Service/index/pid/47
INFO: [ app_init ] --START--
INFO: Run Behavior\BuildLiteBehavior [ RunTime:0.000000s ]
INFO: [ app_init ] --END-- [ RunTime:0.001000s ]
INFO: [ app_begin ] --START--
INFO: Run Behavior\ReadHtmlCacheBehavior [ RunTime:0.001000s ]
INFO: [ app_begin ] --END-- [ RunTime:0.001000s ]
NOTIC: [2048] Declaration of Think\Db\Driver\Mysql::parseKey() should be compatible with Think\Db\Driver::parseKey(&$key) D:\ying\upupw\htdocs\Include\Library\Think\Db\Driver\Mysql.class.php 第 20 行.
SQL: SHOW COLUMNS FROM `si_sever` [ RunTime:0.0070s ]
SQL: SELECT * FROM si_sever WHERE ( cid=47 )  [ RunTime:0.0010s ]
INFO: [ view_parse ] --START--
INFO: [ template_filter ] --START--
INFO: Run Behavior\ContentReplaceBehavior [ RunTime:0.000000s ]
INFO: [ template_filter ] --END-- [ RunTime:0.001000s ]
NOTIC: [8] Array to string conversion D:\ying\upupw\htdocs\Runtime\Cache\Manage\f371c0c49704163db5206aecd4e8de0d.php 第 101 行.
INFO: Run Behavior\ParseTemplateBehavior [ RunTime:0.015000s ]
INFO: [ view_parse ] --END-- [ RunTime:0.015000s ]
INFO: [ view_filter ] --START--
INFO: Run Behavior\WriteHtmlCacheBehavior [ RunTime:0.001001s ]
INFO: Run Behavior\TokenBuildBehavior [ RunTime:0.002000s ]
INFO: [ view_filter ] --END-- [ RunTime:0.003001s ]
INFO: [ app_end ] --START--
INFO: Run Behavior\ShowPageTraceBehavior [ RunTime:0.002000s ]
INFO: [ app_end ] --END-- [ RunTime:0.002000s ]

[ 2017-07-27T17:59:13+08:00 ] 127.0.0.1 /sim.php?s=/Public/editorMethod&action=config&&noCache=1501149553918
INFO: [ app_init ] --START--
INFO: Run Behavior\BuildLiteBehavior [ RunTime:0.000000s ]
INFO: [ app_init ] --END-- [ RunTime:0.001000s ]
INFO: [ app_begin ] --START--
INFO: Run Behavior\ReadHtmlCacheBehavior [ RunTime:0.001000s ]
INFO: [ app_begin ] --END-- [ RunTime:0.002001s ]
INFO: [ app_end ] --START--
INFO: Run Behavior\ShowPageTraceBehavior [ RunTime:0.001000s ]
INFO: [ app_end ] --END-- [ RunTime:0.002000s ]

[ 2017-07-27T18:00:53+08:00 ] 127.0.0.1 /sim.php?s=/Service/index/pid/47
INFO: [ app_init ] --START--
INFO: Run Behavior\BuildLiteBehavior [ RunTime:0.000000s ]
INFO: [ app_init ] --END-- [ RunTime:0.001000s ]
INFO: [ app_begin ] --START--
INFO: Run Behavior\ReadHtmlCacheBehavior [ RunTime:0.001001s ]
INFO: [ app_begin ] --END-- [ RunTime:0.001001s ]
NOTIC: [2048] Declaration of Think\Db\Driver\Mysql::parseKey() should be compatible with Think\Db\Driver::parseKey(&$key) D:\ying\upupw\htdocs\Include\Library\Think\Db\Driver\Mysql.class.php 第 20 行.
SQL: SHOW COLUMNS FROM `si_sever` [ RunTime:0.0070s ]
SQL: SELECT * FROM si_sever WHERE ( cid=47 )  [ RunTime:0.0010s ]
INFO: [ view_parse ] --START--
INFO: [ template_filter ] --START--
INFO: Run Behavior\ContentReplaceBehavior [ RunTime:0.000000s ]
INFO: [ template_filter ] --END-- [ RunTime:0.001000s ]
INFO: Run Behavior\ParseTemplateBehavior [ RunTime:0.015001s ]
INFO: [ view_parse ] --END-- [ RunTime:0.015001s ]
INFO: [ view_filter ] --START--
INFO: Run Behavior\WriteHtmlCacheBehavior [ RunTime:0.001000s ]
INFO: Run Behavior\TokenBuildBehavior [ RunTime:0.002000s ]
INFO: [ view_filter ] --END-- [ RunTime:0.003000s ]
INFO: [ app_end ] --START--
INFO: Run Behavior\ShowPageTraceBehavior [ RunTime:0.002000s ]
INFO: [ app_end ] --END-- [ RunTime:0.002000s ]

[ 2017-07-27T18:00:53+08:00 ] 127.0.0.1 /sim.php?s=/Public/editorMethod&action=config&&noCache=1501149653943
INFO: [ app_init ] --START--
INFO: Run Behavior\BuildLiteBehavior [ RunTime:0.000000s ]
INFO: [ app_init ] --END-- [ RunTime:0.001000s ]
INFO: [ app_begin ] --START--
INFO: Run Behavior\ReadHtmlCacheBehavior [ RunTime:0.001000s ]
INFO: [ app_begin ] --END-- [ RunTime:0.001000s ]
INFO: [ app_end ] --START--
INFO: Run Behavior\ShowPageTraceBehavior [ RunTime:0.002000s ]
INFO: [ app_end ] --END-- [ RunTime:0.002000s ]

[ 2017-07-27T18:02:33+08:00 ] 127.0.0.1 /sim.php?s=/Service/index/pid/47
INFO: [ app_init ] --START--
INFO: Run Behavior\BuildLiteBehavior [ RunTime:0.000000s ]
INFO: [ app_init ] --END-- [ RunTime:0.001000s ]
INFO: [ app_begin ] --START--
INFO: Run Behavior\ReadHtmlCacheBehavior [ RunTime:0.001000s ]
INFO: [ app_begin ] --END-- [ RunTime:0.002001s ]
NOTIC: [2048] Declaration of Think\Db\Driver\Mysql::parseKey() should be compatible with Think\Db\Driver::parseKey(&$key) D:\ying\upupw\htdocs\Include\Library\Think\Db\Driver\Mysql.class.php 第 20 行.
SQL: SHOW COLUMNS FROM `si_sever` [ RunTime:0.0070s ]
SQL: SELECT * FROM si_sever WHERE ( cid=47 )  [ RunTime:0.0010s ]
INFO: [ view_parse ] --START--
INFO: [ template_filter ] --START--
INFO: Run Behavior\ContentReplaceBehavior [ RunTime:0.000000s ]
INFO: [ template_filter ] --END-- [ RunTime:0.000000s ]
INFO: Run Behavior\ParseTemplateBehavior [ RunTime:0.014001s ]
INFO: [ view_parse ] --END-- [ RunTime:0.014001s ]
INFO: [ view_filter ] --START--
INFO: Run Behavior\WriteHtmlCacheBehavior [ RunTime:0.001000s ]
INFO: Run Behavior\TokenBuildBehavior [ RunTime:0.003000s ]
INFO: [ view_filter ] --END-- [ RunTime:0.004000s ]
INFO: [ app_end ] --START--
INFO: Run Behavior\ShowPageTraceBehavior [ RunTime:0.001000s ]
INFO: [ app_end ] --END-- [ RunTime:0.002000s ]

[ 2017-07-27T18:02:34+08:00 ] 127.0.0.1 /sim.php?s=/Public/editorMethod&action=config&&noCache=1501149753989
INFO: [ app_init ] --START--
INFO: Run Behavior\BuildLiteBehavior [ RunTime:0.000000s ]
INFO: [ app_init ] --END-- [ RunTime:0.001000s ]
INFO: [ app_begin ] --START--
INFO: Run Behavior\ReadHtmlCacheBehavior [ RunTime:0.002000s ]
INFO: [ app_begin ] --END-- [ RunTime:0.002000s ]
INFO: [ app_end ] --START--
INFO: Run Behavior\ShowPageTraceBehavior [ RunTime:0.001000s ]
INFO: [ app_end ] --END-- [ RunTime:0.001000s ]

[ 2017-07-27T18:02:35+08:00 ] 127.0.0.1 /sim.php?s=/Newtb/index/pid/8
INFO: [ app_init ] --START--
INFO: Run Behavior\BuildLiteBehavior [ RunTime:0.000000s ]
INFO: [ app_init ] --END-- [ RunTime:0.001001s ]
INFO: [ app_begin ] --START--
INFO: Run Behavior\ReadHtmlCacheBehavior [ RunTime:0.001000s ]
INFO: [ app_begin ] --END-- [ RunTime:0.001000s ]
NOTIC: [2048] Declaration of Think\Db\Driver\Mysql::parseKey() should be compatible with Think\Db\Driver::parseKey(&$key) D:\ying\upupw\htdocs\Include\Library\Think\Db\Driver\Mysql.class.php 第 20 行.
SQL: SHOW COLUMNS FROM `si_category` [ RunTime:0.0070s ]
SQL: SELECT * FROM si_category WHERE `id` = 8 LIMIT 1   [ RunTime:0.0010s ]
SQL: SELECT * FROM si_category WHERE `id` = 8 LIMIT 1   [ RunTime:0.0010s ]
NOTIC: [8] Undefined variable: new_data D:\ying\upupw\htdocs\App\Manage\Controller\NewtbController.class.php 第 45 行.
INFO: [ view_parse ] --START--
INFO: [ template_filter ] --START--
INFO: Run Behavior\ContentReplaceBehavior [ RunTime:0.001000s ]
INFO: [ template_filter ] --END-- [ RunTime:0.001000s ]
INFO: Run Behavior\ParseTemplateBehavior [ RunTime:0.024001s ]
INFO: [ view_parse ] --END-- [ RunTime:0.024001s ]
INFO: [ view_filter ] --START--
INFO: Run Behavior\WriteHtmlCacheBehavior [ RunTime:0.001000s ]
INFO: Run Behavior\TokenBuildBehavior [ RunTime:0.001000s ]
INFO: [ view_filter ] --END-- [ RunTime:0.002000s ]
INFO: [ app_end ] --START--
INFO: Run Behavior\ShowPageTraceBehavior [ RunTime:0.001000s ]
INFO: [ app_end ] --END-- [ RunTime:0.001000s ]

[ 2017-07-27T18:02:43+08:00 ] 10.4.10.100 /sim.php?s=/Index/index
INFO: [ app_init ] --START--
INFO: Run Behavior\BuildLiteBehavior [ RunTime:0.000000s ]
INFO: [ app_init ] --END-- [ RunTime:0.002000s ]
INFO: [ app_begin ] --START--
INFO: Run Behavior\ReadHtmlCacheBehavior [ RunTime:0.001000s ]
INFO: [ app_begin ] --END-- [ RunTime:0.001000s ]
NOTIC: [2048] Declaration of Think\Db\Driver\Mysql::parseKey() should be compatible with Think\Db\Driver::parseKey(&$key) D:\ying\upupw\htdocs\Include\Library\Think\Db\Driver\Mysql.class.php 第 20 行.
SQL: SHOW COLUMNS FROM `si_menu` [ RunTime:0.0110s ]
SQL: SELECT * FROM si_menu WHERE `status` = 1 ORDER BY sort,id  [ RunTime:0.0010s ]
SQL: SELECT * FROM si_menu WHERE `status` = 1 AND `quick` = 1 ORDER BY sort,id  [ RunTime:0.0010s ]
INFO: [ view_parse ] --START--
INFO: [ template_filter ] --START--
INFO: Run Behavior\ContentReplaceBehavior [ RunTime:0.000000s ]
INFO: [ template_filter ] --END-- [ RunTime:0.000000s ]
INFO: Run Behavior\ParseTemplateBehavior [ RunTime:0.038002s ]
INFO: [ view_parse ] --END-- [ RunTime:0.038002s ]
INFO: [ view_filter ] --START--
INFO: Run Behavior\WriteHtmlCacheBehavior [ RunTime:0.001000s ]
INFO: Run Behavior\TokenBuildBehavior [ RunTime:0.001000s ]
INFO: [ view_filter ] --END-- [ RunTime:0.003000s ]
INFO: [ app_end ] --START--
INFO: Run Behavior\ShowPageTraceBehavior [ RunTime:0.002001s ]
INFO: [ app_end ] --END-- [ RunTime:0.002001s ]

[ 2017-07-27T18:02:43+08:00 ] 10.4.10.100 /sim.php?s=/Public/main
INFO: [ app_init ] --START--
INFO: Run Behavior\BuildLiteBehavior [ RunTime:0.000000s ]
INFO: [ app_init ] --END-- [ RunTime:0.001000s ]
INFO: [ app_begin ] --START--
INFO: Run Behavior\ReadHtmlCacheBehavior [ RunTime:0.002000s ]
INFO: [ app_begin ] --END-- [ RunTime:0.002000s ]
NOTIC: [2048] Declaration of Think\Db\Driver\Mysql::parseKey() should be compatible with Think\Db\Driver::parseKey(&$key) D:\ying\upupw\htdocs\Include\Library\Think\Db\Driver\Mysql.class.php 第 20 行.
SQL: SHOW COLUMNS FROM `si_article` [ RunTime:0.0070s ]
SQL: SHOW COLUMNS FROM `si_product` [ RunTime:0.0080s ]
SQL: SELECT COUNT(*) AS tp_count FROM si_article LIMIT 1   [ RunTime:0.0000s ]
SQL: SELECT COUNT(*) AS tp_count FROM si_article WHERE ( cid=18 ) LIMIT 1   [ RunTime:0.0010s ]
SQL: SELECT COUNT(*) AS tp_count FROM si_article WHERE ( cid=57 ) LIMIT 1   [ RunTime:0.0000s ]
SQL: SELECT COUNT(*) AS tp_count FROM si_article WHERE ( cid=41 ) LIMIT 1   [ RunTime:0.0010s ]
SQL: SELECT COUNT(*) AS tp_count FROM si_product LIMIT 1   [ RunTime:0.0010s ]
SQL: SELECT COUNT(*) AS tp_count FROM si_product WHERE ( cid=21 ) LIMIT 1   [ RunTime:0.0010s ]
SQL: SELECT COUNT(*) AS tp_count FROM si_product WHERE ( cid=22 ) LIMIT 1   [ RunTime:0.0010s ]
SQL: SELECT COUNT(*) AS tp_count FROM si_product WHERE ( cid=23 ) LIMIT 1   [ RunTime:0.0000s ]
SQL: SELECT VERSION() as ver; [ RunTime:0.0000s ]
INFO: [ view_parse ] --START--
INFO: [ template_filter ] --START--
INFO: Run Behavior\ContentReplaceBehavior [ RunTime:0.000000s ]
INFO: [ template_filter ] --END-- [ RunTime:0.001000s ]
INFO: Run Behavior\ParseTemplateBehavior [ RunTime:0.015001s ]
INFO: [ view_parse ] --END-- [ RunTime:0.015001s ]
INFO: [ view_filter ] --START--
INFO: Run Behavior\WriteHtmlCacheBehavior [ RunTime:0.001000s ]
INFO: Run Behavior\TokenBuildBehavior [ RunTime:0.001000s ]
INFO: [ view_filter ] --END-- [ RunTime:0.002000s ]
INFO: [ app_end ] --START--
INFO: Run Behavior\ShowPageTraceBehavior [ RunTime:0.001000s ]
INFO: [ app_end ] --END-- [ RunTime:0.001000s ]

[ 2017-07-27T18:02:43+08:00 ] 10.4.10.100 /sim.php?s=/Index/getParentCate&pid=0&rnd=17515
INFO: [ app_init ] --START--
INFO: Run Behavior\BuildLiteBehavior [ RunTime:0.000000s ]
INFO: [ app_init ] --END-- [ RunTime:0.001000s ]
INFO: [ app_begin ] --START--
INFO: Run Behavior\ReadHtmlCacheBehavior [ RunTime:0.001000s ]
INFO: [ app_begin ] --END-- [ RunTime:0.001000s ]
NOTIC: [2048] Declaration of Think\Db\Driver\Mysql::parseKey() should be compatible with Think\Db\Driver::parseKey(&$key) D:\ying\upupw\htdocs\Include\Library\Think\Db\Driver\Mysql.class.php 第 20 行.
SQL: SHOW COLUMNS FROM `si_category` [ RunTime:0.0070s ]
SQL: SHOW COLUMNS FROM `si_model` [ RunTime:0.0070s ]
SQL: SELECT COUNT(*) AS tp_count FROM si_category category LEFT JOIN si_model model ON category.modelid = model.id  WHERE category.pid = 0 AND category.type = 0 LIMIT 1   [ RunTime:0.0010s ]
SQL: SELECT category.id AS id,category.name AS name,category.ename AS ename,category.catpic AS catpic,category.pid AS pid,category.modelid AS modelid,category.type AS type,category.seotitle AS seotitle,category.keywords AS keywords,category.description AS description,category.template_category AS template_category,category.template_list AS template_list,category.template_show AS template_show,category.status AS status,category.sort AS sort,category.litpic AS litpic,model.name AS modelname,model.tablename AS tablename FROM si_category category LEFT JOIN si_model model ON category.modelid = model.id  WHERE category.pid = 0 AND category.type = 0 ORDER BY category.sort ASC,category.id ASC  [ RunTime:0.0010s ]

[ 2017-07-27T18:02:45+08:00 ] 10.4.10.100 /sim.php?s=/Newtb/index/pid/8
INFO: [ app_init ] --START--
INFO: Run Behavior\BuildLiteBehavior [ RunTime:0.000000s ]
INFO: [ app_init ] --END-- [ RunTime:0.001000s ]
INFO: [ app_begin ] --START--
INFO: Run Behavior\ReadHtmlCacheBehavior [ RunTime:0.001000s ]
INFO: [ app_begin ] --END-- [ RunTime:0.002000s ]
NOTIC: [2048] Declaration of Think\Db\Driver\Mysql::parseKey() should be compatible with Think\Db\Driver::parseKey(&$key) D:\ying\upupw\htdocs\Include\Library\Think\Db\Driver\Mysql.class.php 第 20 行.
SQL: SHOW COLUMNS FROM `si_category` [ RunTime:0.0070s ]
SQL: SELECT * FROM si_category WHERE `id` = 8 LIMIT 1   [ RunTime:0.0010s ]
SQL: SELECT * FROM si_category WHERE `id` = 8 LIMIT 1   [ RunTime:0.0010s ]
NOTIC: [8] Undefined variable: new_data D:\ying\upupw\htdocs\App\Manage\Controller\NewtbController.class.php 第 45 行.
INFO: [ view_parse ] --START--
INFO: [ template_filter ] --START--
INFO: Run Behavior\ContentReplaceBehavior [ RunTime:0.000000s ]
INFO: [ template_filter ] --END-- [ RunTime:0.000000s ]
INFO: Run Behavior\ParseTemplateBehavior [ RunTime:0.024001s ]
INFO: [ view_parse ] --END-- [ RunTime:0.024001s ]
INFO: [ view_filter ] --START--
INFO: Run Behavior\WriteHtmlCacheBehavior [ RunTime:0.001000s ]
INFO: Run Behavior\TokenBuildBehavior [ RunTime:0.001000s ]
INFO: [ view_filter ] --END-- [ RunTime:0.003000s ]
INFO: [ app_end ] --START--
INFO: Run Behavior\ShowPageTraceBehavior [ RunTime:0.002000s ]
INFO: [ app_end ] --END-- [ RunTime:0.002000s ]

[ 2017-07-27T18:02:46+08:00 ] 10.4.10.100 /sim.php?s=/Service/index/pid/47
INFO: [ app_init ] --START--
INFO: Run Behavior\BuildLiteBehavior [ RunTime:0.000000s ]
INFO: [ app_init ] --END-- [ RunTime:0.000000s ]
INFO: [ app_begin ] --START--
INFO: Run Behavior\ReadHtmlCacheBehavior [ RunTime:0.001000s ]
INFO: [ app_begin ] --END-- [ RunTime:0.001000s ]
NOTIC: [2048] Declaration of Think\Db\Driver\Mysql::parseKey() should be compatible with Think\Db\Driver::parseKey(&$key) D:\ying\upupw\htdocs\Include\Library\Think\Db\Driver\Mysql.class.php 第 20 行.
SQL: SHOW COLUMNS FROM `si_sever` [ RunTime:0.0070s ]
SQL: SELECT * FROM si_sever WHERE ( cid=47 )  [ RunTime:0.0010s ]
INFO: [ view_parse ] --START--
INFO: [ template_filter ] --START--
INFO: Run Behavior\ContentReplaceBehavior [ RunTime:0.000000s ]
INFO: [ template_filter ] --END-- [ RunTime:0.000000s ]
INFO: Run Behavior\ParseTemplateBehavior [ RunTime:0.014001s ]
INFO: [ view_parse ] --END-- [ RunTime:0.015001s ]
INFO: [ view_filter ] --START--
INFO: Run Behavior\WriteHtmlCacheBehavior [ RunTime:0.001000s ]
INFO: Run Behavior\TokenBuildBehavior [ RunTime:0.002000s ]
INFO: [ view_filter ] --END-- [ RunTime:0.004000s ]
INFO: [ app_end ] --START--
INFO: Run Behavior\ShowPageTraceBehavior [ RunTime:0.001000s ]
INFO: [ app_end ] --END-- [ RunTime:0.001000s ]

[ 2017-07-27T18:02:46+08:00 ] 10.4.10.100 /sim.php?s=/Public/editorMethod&action=config&&noCache=1501149835288
INFO: [ app_init ] --START--
INFO: Run Behavior\BuildLiteBehavior [ RunTime:0.000000s ]
INFO: [ app_init ] --END-- [ RunTime:0.001000s ]
INFO: [ app_begin ] --START--
INFO: Run Behavior\ReadHtmlCacheBehavior [ RunTime:0.001000s ]
INFO: [ app_begin ] --END-- [ RunTime:0.001000s ]
INFO: [ app_end ] --START--
INFO: Run Behavior\ShowPageTraceBehavior [ RunTime:0.002000s ]
INFO: [ app_end ] --END-- [ RunTime:0.002000s ]

[ 2017-07-27T18:02:48+08:00 ] 10.4.10.100 /sim.php?s=/Newtb/index/pid/8
INFO: [ app_init ] --START--
INFO: Run Behavior\BuildLiteBehavior [ RunTime:0.000000s ]
INFO: [ app_init ] --END-- [ RunTime:0.001000s ]
INFO: [ app_begin ] --START--
INFO: Run Behavior\ReadHtmlCacheBehavior [ RunTime:0.002000s ]
INFO: [ app_begin ] --END-- [ RunTime:0.002000s ]
NOTIC: [2048] Declaration of Think\Db\Driver\Mysql::parseKey() should be compatible with Think\Db\Driver::parseKey(&$key) D:\ying\upupw\htdocs\Include\Library\Think\Db\Driver\Mysql.class.php 第 20 行.
SQL: SHOW COLUMNS FROM `si_category` [ RunTime:0.0070s ]
SQL: SELECT * FROM si_category WHERE `id` = 8 LIMIT 1   [ RunTime:0.0010s ]
SQL: SELECT * FROM si_category WHERE `id` = 8 LIMIT 1   [ RunTime:0.0000s ]
NOTIC: [8] Undefined variable: new_data D:\ying\upupw\htdocs\App\Manage\Controller\NewtbController.class.php 第 45 行.
INFO: [ view_parse ] --START--
INFO: [ template_filter ] --START--
INFO: Run Behavior\ContentReplaceBehavior [ RunTime:0.001000s ]
INFO: [ template_filter ] --END-- [ RunTime:0.001000s ]
INFO: Run Behavior\ParseTemplateBehavior [ RunTime:0.023002s ]
INFO: [ view_parse ] --END-- [ RunTime:0.023002s ]
INFO: [ view_filter ] --START--
INFO: Run Behavior\WriteHtmlCacheBehavior [ RunTime:0.001000s ]
INFO: Run Behavior\TokenBuildBehavior [ RunTime:0.001000s ]
INFO: [ view_filter ] --END-- [ RunTime:0.002000s ]
INFO: [ app_end ] --START--
INFO: Run Behavior\ShowPageTraceBehavior [ RunTime:0.001000s ]
INFO: [ app_end ] --END-- [ RunTime:0.001000s ]

[ 2017-07-27T18:02:50+08:00 ] 10.4.10.100 /sim.php?s=/Newtb/index/pid/9
INFO: [ app_init ] --START--
INFO: Run Behavior\BuildLiteBehavior [ RunTime:0.000000s ]
INFO: [ app_init ] --END-- [ RunTime:0.002001s ]
INFO: [ app_begin ] --START--
INFO: Run Behavior\ReadHtmlCacheBehavior [ RunTime:0.001000s ]
INFO: [ app_begin ] --END-- [ RunTime:0.001000s ]
NOTIC: [2048] Declaration of Think\Db\Driver\Mysql::parseKey() should be compatible with Think\Db\Driver::parseKey(&$key) D:\ying\upupw\htdocs\Include\Library\Think\Db\Driver\Mysql.class.php 第 20 行.
SQL: SHOW COLUMNS FROM `si_category` [ RunTime:0.0070s ]
SQL: SELECT * FROM si_category WHERE `id` = 9 LIMIT 1   [ RunTime:0.0010s ]
SQL: SELECT * FROM si_category WHERE `id` = 9 LIMIT 1   [ RunTime:0.0000s ]
NOTIC: [8] Undefined variable: new_data D:\ying\upupw\htdocs\App\Manage\Controller\NewtbController.class.php 第 45 行.
INFO: [ view_parse ] --START--
INFO: [ template_filter ] --START--
INFO: Run Behavior\ContentReplaceBehavior [ RunTime:0.000000s ]
INFO: [ template_filter ] --END-- [ RunTime:0.001000s ]
INFO: Run Behavior\ParseTemplateBehavior [ RunTime:0.023001s ]
INFO: [ view_parse ] --END-- [ RunTime:0.024001s ]
INFO: [ view_filter ] --START--
INFO: Run Behavior\WriteHtmlCacheBehavior [ RunTime:0.001000s ]
INFO: Run Behavior\TokenBuildBehavior [ RunTime:0.001000s ]
INFO: [ view_filter ] --END-- [ RunTime:0.002000s ]
INFO: [ app_end ] --START--
INFO: Run Behavior\ShowPageTraceBehavior [ RunTime:0.001000s ]
INFO: [ app_end ] --END-- [ RunTime:0.001000s ]

[ 2017-07-27T18:02:51+08:00 ] 10.4.10.100 /sim.php?s=/Detail/index/pid/52
INFO: [ app_init ] --START--
INFO: Run Behavior\BuildLiteBehavior [ RunTime:0.000000s ]
INFO: [ app_init ] --END-- [ RunTime:0.001000s ]
INFO: [ app_begin ] --START--
INFO: Run Behavior\ReadHtmlCacheBehavior [ RunTime:0.001000s ]
INFO: [ app_begin ] --END-- [ RunTime:0.002000s ]
NOTIC: [2048] Declaration of Think\Db\Driver\Mysql::parseKey() should be compatible with Think\Db\Driver::parseKey(&$key) D:\ying\upupw\htdocs\Include\Library\Think\Db\Driver\Mysql.class.php 第 20 行.
SQL: SHOW COLUMNS FROM `si_category` [ RunTime:0.0070s ]
SQL: SELECT * FROM si_category WHERE `id` = 52 LIMIT 1   [ RunTime:0.0010s ]
SQL: SHOW COLUMNS FROM `si_page_detail` [ RunTime:0.0060s ]
SQL: SELECT * FROM si_page_detail WHERE `pid` = 52 LIMIT 1   [ RunTime:0.0010s ]
INFO: [ view_parse ] --START--
INFO: [ template_filter ] --START--
INFO: Run Behavior\ContentReplaceBehavior [ RunTime:0.000000s ]
INFO: [ template_filter ] --END-- [ RunTime:0.000000s ]
INFO: Run Behavior\ParseTemplateBehavior [ RunTime:0.030002s ]
INFO: [ view_parse ] --END-- [ RunTime:0.030002s ]
INFO: [ view_filter ] --START--
INFO: Run Behavior\WriteHtmlCacheBehavior [ RunTime:0.001000s ]
INFO: Run Behavior\TokenBuildBehavior [ RunTime:0.002000s ]
INFO: [ view_filter ] --END-- [ RunTime:0.004000s ]
INFO: [ app_end ] --START--
INFO: Run Behavior\ShowPageTraceBehavior [ RunTime:0.001000s ]
INFO: [ app_end ] --END-- [ RunTime:0.001000s ]

[ 2017-07-27T18:02:53+08:00 ] 10.4.10.100 /sim.php?s=/Newtb/index/pid/5
INFO: [ app_init ] --START--
INFO: Run Behavior\BuildLiteBehavior [ RunTime:0.001000s ]
INFO: [ app_init ] --END-- [ RunTime:0.001000s ]
INFO: [ app_begin ] --START--
INFO: Run Behavior\ReadHtmlCacheBehavior [ RunTime:0.001000s ]
INFO: [ app_begin ] --END-- [ RunTime:0.001000s ]
NOTIC: [2048] Declaration of Think\Db\Driver\Mysql::parseKey() should be compatible with Think\Db\Driver::parseKey(&$key) D:\ying\upupw\htdocs\Include\Library\Think\Db\Driver\Mysql.class.php 第 20 行.
SQL: SHOW COLUMNS FROM `si_category` [ RunTime:0.0070s ]
SQL: SELECT * FROM si_category WHERE `id` = 5 LIMIT 1   [ RunTime:0.0010s ]
SQL: SELECT * FROM si_category WHERE `id` = 5 LIMIT 1   [ RunTime:0.0010s ]
NOTIC: [8] Undefined variable: new_data D:\ying\upupw\htdocs\App\Manage\Controller\NewtbController.class.php 第 45 行.
INFO: [ view_parse ] --START--
INFO: [ template_filter ] --START--
INFO: Run Behavior\ContentReplaceBehavior [ RunTime:0.000000s ]
INFO: [ template_filter ] --END-- [ RunTime:0.000000s ]
INFO: Run Behavior\ParseTemplateBehavior [ RunTime:0.027002s ]
INFO: [ view_parse ] --END-- [ RunTime:0.027002s ]
INFO: [ view_filter ] --START--
INFO: Run Behavior\WriteHtmlCacheBehavior [ RunTime:0.001000s ]
INFO: Run Behavior\TokenBuildBehavior [ RunTime:0.001000s ]
INFO: [ view_filter ] --END-- [ RunTime:0.002000s ]
INFO: [ app_end ] --START--
INFO: Run Behavior\ShowPageTraceBehavior [ RunTime:0.001000s ]
INFO: [ app_end ] --END-- [ RunTime:0.001000s ]

[ 2017-07-27T18:02:54+08:00 ] 10.4.10.100 /sim.php?s=/Article/index/pid/41
INFO: [ app_init ] --START--
INFO: Run Behavior\BuildLiteBehavior [ RunTime:0.000000s ]
INFO: [ app_init ] --END-- [ RunTime:0.001000s ]
INFO: [ app_begin ] --START--
INFO: Run Behavior\ReadHtmlCacheBehavior [ RunTime:0.001000s ]
INFO: [ app_begin ] --END-- [ RunTime:0.001000s ]
NOTIC: [2048] Declaration of Think\Db\Driver\Mysql::parseKey() should be compatible with Think\Db\Driver::parseKey(&$key) D:\ying\upupw\htdocs\Include\Library\Think\Db\Driver\Mysql.class.php 第 20 行.
SQL: SHOW COLUMNS FROM `si_article` [ RunTime:0.0070s ]
SQL: SHOW COLUMNS FROM `si_category` [ RunTime:0.0070s ]
SQL: SELECT COUNT(*) AS tp_count FROM si_article article LEFT JOIN si_category category ON article.cid = category.id  WHERE article.status = 0 AND article.cid IN (41) LIMIT 1   [ RunTime:0.0050s ]
SQL: SELECT article.id AS id,article.title AS title,article.shorttitle AS shorttitle,article.color AS color,article.copyfrom AS copyfrom,article.author AS author,article.keywords AS keywords,article.litpic AS litpic,article.description AS description,article.publishtime AS publishtime,article.updatetime AS updatetime,article.click AS click,article.cid AS cid,article.commentflag AS commentflag,article.flag AS flag,article.jumpurl AS jumpurl,article.status AS status,article.userid AS userid,article.aid AS aid,category.name AS catename,category.ename AS ename,category.modelid AS modelid FROM si_article article LEFT JOIN si_category category ON article.cid = category.id  WHERE article.status = 0 AND article.cid IN (41) ORDER BY article.publishtime DESC LIMIT 0,10   [ RunTime:0.0050s ]
INFO: [ view_parse ] --START--
INFO: [ template_filter ] --START--
INFO: Run Behavior\ContentReplaceBehavior [ RunTime:0.000000s ]
INFO: [ template_filter ] --END-- [ RunTime:0.001000s ]
INFO: Run Behavior\ParseTemplateBehavior [ RunTime:0.047003s ]
INFO: [ view_parse ] --END-- [ RunTime:0.047003s ]
INFO: [ view_filter ] --START--
INFO: Run Behavior\WriteHtmlCacheBehavior [ RunTime:0.001000s ]
INFO: Run Behavior\TokenBuildBehavior [ RunTime:0.002000s ]
INFO: [ view_filter ] --END-- [ RunTime:0.003000s ]
INFO: [ app_end ] --START--
INFO: Run Behavior\ShowPageTraceBehavior [ RunTime:0.001000s ]
INFO: [ app_end ] --END-- [ RunTime:0.002000s ]

[ 2017-07-27T18:02:55+08:00 ] 10.4.10.100 /sim.php?s=/Newtb/index/pid/2
INFO: [ app_init ] --START--
INFO: Run Behavior\BuildLiteBehavior [ RunTime:0.000000s ]
INFO: [ app_init ] --END-- [ RunTime:0.001000s ]
INFO: [ app_begin ] --START--
INFO: Run Behavior\ReadHtmlCacheBehavior [ RunTime:0.001000s ]
INFO: [ app_begin ] --END-- [ RunTime:0.001000s ]
NOTIC: [2048] Declaration of Think\Db\Driver\Mysql::parseKey() should be compatible with Think\Db\Driver::parseKey(&$key) D:\ying\upupw\htdocs\Include\Library\Think\Db\Driver\Mysql.class.php 第 20 行.
SQL: SHOW COLUMNS FROM `si_category` [ RunTime:0.0070s ]
SQL: SELECT * FROM si_category WHERE `id` = 2 LIMIT 1   [ RunTime:0.0010s ]
SQL: SELECT * FROM si_category WHERE `id` = 2 LIMIT 1   [ RunTime:0.0000s ]
NOTIC: [8] Undefined variable: new_data D:\ying\upupw\htdocs\App\Manage\Controller\NewtbController.class.php 第 45 行.
INFO: [ view_parse ] --START--
INFO: [ template_filter ] --START--
INFO: Run Behavior\ContentReplaceBehavior [ RunTime:0.001000s ]
INFO: [ template_filter ] --END-- [ RunTime:0.001000s ]
INFO: Run Behavior\ParseTemplateBehavior [ RunTime:0.030002s ]
INFO: [ view_parse ] --END-- [ RunTime:0.031002s ]
INFO: [ view_filter ] --START--
INFO: Run Behavior\WriteHtmlCacheBehavior [ RunTime:0.001000s ]
INFO: Run Behavior\TokenBuildBehavior [ RunTime:0.001000s ]
INFO: [ view_filter ] --END-- [ RunTime:0.002000s ]
INFO: [ app_end ] --START--
INFO: Run Behavior\ShowPageTraceBehavior [ RunTime:0.001000s ]
INFO: [ app_end ] --END-- [ RunTime:0.001000s ]

[ 2017-07-27T18:02:56+08:00 ] 10.4.10.100 /sim.php?s=/Product/index/pid/21
INFO: [ app_init ] --START--
INFO: Run Behavior\BuildLiteBehavior [ RunTime:0.001001s ]
INFO: [ app_init ] --END-- [ RunTime:0.001001s ]
INFO: [ app_begin ] --START--
INFO: Run Behavior\ReadHtmlCacheBehavior [ RunTime:0.001000s ]
INFO: [ app_begin ] --END-- [ RunTime:0.002000s ]
NOTIC: [2048] Declaration of Think\Db\Driver\Mysql::parseKey() should be compatible with Think\Db\Driver::parseKey(&$key) D:\ying\upupw\htdocs\Include\Library\Think\Db\Driver\Mysql.class.php 第 20 行.
SQL: SHOW COLUMNS FROM `si_product` [ RunTime:0.0070s ]
SQL: SHOW COLUMNS FROM `si_category` [ RunTime:0.0080s ]
SQL: SELECT COUNT(*) AS tp_count FROM si_product product LEFT JOIN si_category category ON product.cid = category.id  WHERE product.status = 0 AND product.cid IN (21) LIMIT 1   [ RunTime:0.0010s ]
SQL: SELECT product.id AS id,product.title AS title,product.color AS color,product.keywords AS keywords,product.litpic AS litpic,product.description AS description,product.price AS price,product.marketprice AS marketprice,product.brand AS brand,product.units AS units,product.specification AS specification,product.publishtime AS publishtime,product.updatetime AS updatetime,product.click AS click,product.cid AS cid,product.commentflag AS commentflag,product.flag AS flag,product.jumpurl AS jumpurl,product.status AS status,product.userid AS userid,product.aid AS aid,product.advantages AS advantages,product.apptitle AS apptitle,product.appcontent AS appcontent,product.apppicurls AS apppicurls,product.advcontent AS advcontent,category.name AS catename,category.ename AS ename,category.modelid AS modelid FROM si_product product LEFT JOIN si_category category ON product.cid = category.id  WHERE product.status = 0 AND product.cid IN (21) ORDER BY product.id DESC LIMIT 0,10   [ RunTime:0.0010s ]
INFO: [ view_parse ] --START--
INFO: [ template_filter ] --START--
INFO: Run Behavior\ContentReplaceBehavior [ RunTime:0.000000s ]
INFO: [ template_filter ] --END-- [ RunTime:0.000000s ]
INFO: Run Behavior\ParseTemplateBehavior [ RunTime:0.034002s ]
INFO: [ view_parse ] --END-- [ RunTime:0.034002s ]
INFO: [ view_filter ] --START--
INFO: Run Behavior\WriteHtmlCacheBehavior [ RunTime:0.000000s ]
INFO: Run Behavior\TokenBuildBehavior [ RunTime:0.001000s ]
INFO: [ view_filter ] --END-- [ RunTime:0.003000s ]
INFO: [ app_end ] --START--
INFO: Run Behavior\ShowPageTraceBehavior [ RunTime:0.001000s ]
INFO: [ app_end ] --END-- [ RunTime:0.001000s ]

[ 2017-07-27T18:02:57+08:00 ] 127.0.0.1 /sim.php?s=/Newtb/index/pid/8
INFO: [ app_init ] --START--
INFO: Run Behavior\BuildLiteBehavior [ RunTime:0.000000s ]
INFO: [ app_init ] --END-- [ RunTime:0.002000s ]
INFO: [ app_begin ] --START--
INFO: Run Behavior\ReadHtmlCacheBehavior [ RunTime:0.001000s ]
INFO: [ app_begin ] --END-- [ RunTime:0.002000s ]
NOTIC: [2048] Declaration of Think\Db\Driver\Mysql::parseKey() should be compatible with Think\Db\Driver::parseKey(&$key) D:\ying\upupw\htdocs\Include\Library\Think\Db\Driver\Mysql.class.php 第 20 行.
SQL: SHOW COLUMNS FROM `si_category` [ RunTime:0.0070s ]
SQL: SELECT * FROM si_category WHERE `id` = 8 LIMIT 1   [ RunTime:0.0010s ]
SQL: SELECT * FROM si_category WHERE `id` = 8 LIMIT 1   [ RunTime:0.0000s ]
NOTIC: [8] Undefined variable: new_data D:\ying\upupw\htdocs\App\Manage\Controller\NewtbController.class.php 第 45 行.
INFO: [ view_parse ] --START--
INFO: [ template_filter ] --START--
INFO: Run Behavior\ContentReplaceBehavior [ RunTime:0.000000s ]
INFO: [ template_filter ] --END-- [ RunTime:0.000000s ]
INFO: Run Behavior\ParseTemplateBehavior [ RunTime:0.025002s ]
INFO: [ view_parse ] --END-- [ RunTime:0.025002s ]
INFO: [ view_filter ] --START--
INFO: Run Behavior\WriteHtmlCacheBehavior [ RunTime:0.001000s ]
INFO: Run Behavior\TokenBuildBehavior [ RunTime:0.001000s ]
INFO: [ view_filter ] --END-- [ RunTime:0.003000s ]
INFO: [ app_end ] --START--
INFO: Run Behavior\ShowPageTraceBehavior [ RunTime:0.001000s ]
INFO: [ app_end ] --END-- [ RunTime:0.002000s ]

[ 2017-07-27T18:02:58+08:00 ] 10.4.10.100 /sim.php?s=/Newtb/index/pid/5
INFO: [ app_init ] --START--
INFO: Run Behavior\BuildLiteBehavior [ RunTime:0.000000s ]
INFO: [ app_init ] --END-- [ RunTime:0.001000s ]
INFO: [ app_begin ] --START--
INFO: Run Behavior\ReadHtmlCacheBehavior [ RunTime:0.001000s ]
INFO: [ app_begin ] --END-- [ RunTime:0.002000s ]
NOTIC: [2048] Declaration of Think\Db\Driver\Mysql::parseKey() should be compatible with Think\Db\Driver::parseKey(&$key) D:\ying\upupw\htdocs\Include\Library\Think\Db\Driver\Mysql.class.php 第 20 行.
SQL: SHOW COLUMNS FROM `si_category` [ RunTime:0.0070s ]
SQL: SELECT * FROM si_category WHERE `id` = 5 LIMIT 1   [ RunTime:0.0000s ]
SQL: SELECT * FROM si_category WHERE `id` = 5 LIMIT 1   [ RunTime:0.0010s ]
NOTIC: [8] Undefined variable: new_data D:\ying\upupw\htdocs\App\Manage\Controller\NewtbController.class.php 第 45 行.
INFO: [ view_parse ] --START--
INFO: [ template_filter ] --START--
INFO: Run Behavior\ContentReplaceBehavior [ RunTime:0.000000s ]
INFO: [ template_filter ] --END-- [ RunTime:0.000000s ]
INFO: Run Behavior\ParseTemplateBehavior [ RunTime:0.026002s ]
INFO: [ view_parse ] --END-- [ RunTime:0.027002s ]
INFO: [ view_filter ] --START--
INFO: Run Behavior\WriteHtmlCacheBehavior [ RunTime:0.001000s ]
INFO: Run Behavior\TokenBuildBehavior [ RunTime:0.001000s ]
INFO: [ view_filter ] --END-- [ RunTime:0.002000s ]
INFO: [ app_end ] --START--
INFO: Run Behavior\ShowPageTraceBehavior [ RunTime:0.001000s ]
INFO: [ app_end ] --END-- [ RunTime:0.001000s ]

[ 2017-07-27T18:02:58+08:00 ] 127.0.0.1 /sim.php?s=/Newtb/index/pid/8
INFO: [ app_init ] --START--
INFO: Run Behavior\BuildLiteBehavior [ RunTime:0.000000s ]
INFO: [ app_init ] --END-- [ RunTime:0.001000s ]
INFO: [ app_begin ] --START--
INFO: Run Behavior\ReadHtmlCacheBehavior [ RunTime:0.001000s ]
INFO: [ app_begin ] --END-- [ RunTime:0.001000s ]
NOTIC: [2048] Declaration of Think\Db\Driver\Mysql::parseKey() should be compatible with Think\Db\Driver::parseKey(&$key) D:\ying\upupw\htdocs\Include\Library\Think\Db\Driver\Mysql.class.php 第 20 行.
SQL: SHOW COLUMNS FROM `si_category` [ RunTime:0.0070s ]
SQL: SELECT * FROM si_category WHERE `id` = 8 LIMIT 1   [ RunTime:0.0010s ]
SQL: SELECT * FROM si_category WHERE `id` = 8 LIMIT 1   [ RunTime:0.0010s ]
NOTIC: [8] Undefined variable: new_data D:\ying\upupw\htdocs\App\Manage\Controller\NewtbController.class.php 第 45 行.
INFO: [ view_parse ] --START--
INFO: [ template_filter ] --START--
INFO: Run Behavior\ContentReplaceBehavior [ RunTime:0.000000s ]
INFO: [ template_filter ] --END-- [ RunTime:0.000000s ]
INFO: Run Behavior\ParseTemplateBehavior [ RunTime:0.024001s ]
INFO: [ view_parse ] --END-- [ RunTime:0.024001s ]
INFO: [ view_filter ] --START--
INFO: Run Behavior\WriteHtmlCacheBehavior [ RunTime:0.001000s ]
INFO: Run Behavior\TokenBuildBehavior [ RunTime:0.001000s ]
INFO: [ view_filter ] --END-- [ RunTime:0.002000s ]
INFO: [ app_end ] --START--
INFO: Run Behavior\ShowPageTraceBehavior [ RunTime:0.000000s ]
INFO: [ app_end ] --END-- [ RunTime:0.002000s ]

[ 2017-07-27T18:02:59+08:00 ] 127.0.0.1 /sim.php?s=/Newtb/index/pid/8
INFO: [ app_init ] --START--
INFO: Run Behavior\BuildLiteBehavior [ RunTime:0.000000s ]
INFO: [ app_init ] --END-- [ RunTime:0.001000s ]
INFO: [ app_begin ] --START--
INFO: Run Behavior\ReadHtmlCacheBehavior [ RunTime:0.002000s ]
INFO: [ app_begin ] --END-- [ RunTime:0.002000s ]
NOTIC: [2048] Declaration of Think\Db\Driver\Mysql::parseKey() should be compatible with Think\Db\Driver::parseKey(&$key) D:\ying\upupw\htdocs\Include\Library\Think\Db\Driver\Mysql.class.php 第 20 行.
SQL: SHOW COLUMNS FROM `si_category` [ RunTime:0.0070s ]
SQL: SELECT * FROM si_category WHERE `id` = 8 LIMIT 1   [ RunTime:0.0010s ]
SQL: SELECT * FROM si_category WHERE `id` = 8 LIMIT 1   [ RunTime:0.0010s ]
NOTIC: [8] Undefined variable: new_data D:\ying\upupw\htdocs\App\Manage\Controller\NewtbController.class.php 第 45 行.
INFO: [ view_parse ] --START--
INFO: [ template_filter ] --START--
INFO: Run Behavior\ContentReplaceBehavior [ RunTime:0.000000s ]
INFO: [ template_filter ] --END-- [ RunTime:0.000000s ]
INFO: Run Behavior\ParseTemplateBehavior [ RunTime:0.023002s ]
INFO: [ view_parse ] --END-- [ RunTime:0.024002s ]
INFO: [ view_filter ] --START--
INFO: Run Behavior\WriteHtmlCacheBehavior [ RunTime:0.001000s ]
INFO: Run Behavior\TokenBuildBehavior [ RunTime:0.001000s ]
INFO: [ view_filter ] --END-- [ RunTime:0.002000s ]
INFO: [ app_end ] --START--
INFO: Run Behavior\ShowPageTraceBehavior [ RunTime:0.001000s ]
INFO: [ app_end ] --END-- [ RunTime:0.002000s ]

[ 2017-07-27T18:02:59+08:00 ] 10.4.10.100 /sim.php?s=/Service/index/pid/84
INFO: [ app_init ] --START--
INFO: Run Behavior\BuildLiteBehavior [ RunTime:0.000000s ]
INFO: [ app_init ] --END-- [ RunTime:0.000000s ]
INFO: [ app_begin ] --START--
INFO: Run Behavior\ReadHtmlCacheBehavior [ RunTime:0.001000s ]
INFO: [ app_begin ] --END-- [ RunTime:0.001000s ]
NOTIC: [2048] Declaration of Think\Db\Driver\Mysql::parseKey() should be compatible with Think\Db\Driver::parseKey(&$key) D:\ying\upupw\htdocs\Include\Library\Think\Db\Driver\Mysql.class.php 第 20 行.
SQL: SHOW COLUMNS FROM `si_sever` [ RunTime:0.0070s ]
SQL: SELECT * FROM si_sever WHERE ( cid=84 )  [ RunTime:0.0010s ]
INFO: [ view_parse ] --START--
INFO: [ template_filter ] --START--
INFO: Run Behavior\ContentReplaceBehavior [ RunTime:0.000000s ]
INFO: [ template_filter ] --END-- [ RunTime:0.000000s ]
INFO: Run Behavior\ParseTemplateBehavior [ RunTime:0.014001s ]
INFO: [ view_parse ] --END-- [ RunTime:0.014001s ]
INFO: [ view_filter ] --START--
INFO: Run Behavior\WriteHtmlCacheBehavior [ RunTime:0.001000s ]
INFO: Run Behavior\TokenBuildBehavior [ RunTime:0.002000s ]
INFO: [ view_filter ] --END-- [ RunTime:0.003000s ]
INFO: [ app_end ] --START--
INFO: Run Behavior\ShowPageTraceBehavior [ RunTime:0.001001s ]
INFO: [ app_end ] --END-- [ RunTime:0.001001s ]

[ 2017-07-27T18:03:00+08:00 ] 10.4.10.100 /sim.php?s=/Public/editorMethod&action=config&&noCache=1501149848748
INFO: [ app_init ] --START--
INFO: Run Behavior\BuildLiteBehavior [ RunTime:0.000000s ]
INFO: [ app_init ] --END-- [ RunTime:0.001000s ]
INFO: [ app_begin ] --START--
INFO: Run Behavior\ReadHtmlCacheBehavior [ RunTime:0.001000s ]
INFO: [ app_begin ] --END-- [ RunTime:0.001000s ]
INFO: [ app_end ] --START--
INFO: Run Behavior\ShowPageTraceBehavior [ RunTime:0.001000s ]
INFO: [ app_end ] --END-- [ RunTime:0.002000s ]

[ 2017-07-27T18:03:00+08:00 ] 127.0.0.1 /sim.php?s=/Service/index/pid/47
INFO: [ app_init ] --START--
INFO: Run Behavior\BuildLiteBehavior [ RunTime:0.000000s ]
INFO: [ app_init ] --END-- [ RunTime:0.001000s ]
INFO: [ app_begin ] --START--
INFO: Run Behavior\ReadHtmlCacheBehavior [ RunTime:0.001000s ]
INFO: [ app_begin ] --END-- [ RunTime:0.001000s ]
NOTIC: [2048] Declaration of Think\Db\Driver\Mysql::parseKey() should be compatible with Think\Db\Driver::parseKey(&$key) D:\ying\upupw\htdocs\Include\Library\Think\Db\Driver\Mysql.class.php 第 20 行.
SQL: SHOW COLUMNS FROM `si_sever` [ RunTime:0.0070s ]
SQL: SELECT * FROM si_sever WHERE ( cid=47 )  [ RunTime:0.0010s ]
INFO: [ view_parse ] --START--
INFO: [ template_filter ] --START--
INFO: Run Behavior\ContentReplaceBehavior [ RunTime:0.000000s ]
INFO: [ template_filter ] --END-- [ RunTime:0.000000s ]
INFO: Run Behavior\ParseTemplateBehavior [ RunTime:0.014001s ]
INFO: [ view_parse ] --END-- [ RunTime:0.014001s ]
INFO: [ view_filter ] --START--
INFO: Run Behavior\WriteHtmlCacheBehavior [ RunTime:0.001000s ]
INFO: Run Behavior\TokenBuildBehavior [ RunTime:0.002000s ]
INFO: [ view_filter ] --END-- [ RunTime:0.003000s ]
INFO: [ app_end ] --START--
INFO: Run Behavior\ShowPageTraceBehavior [ RunTime:0.001000s ]
INFO: [ app_end ] --END-- [ RunTime:0.001000s ]

[ 2017-07-27T18:03:00+08:00 ] 127.0.0.1 /sim.php?s=/Public/editorMethod&action=config&&noCache=1501149780550
INFO: [ app_init ] --START--
INFO: Run Behavior\BuildLiteBehavior [ RunTime:0.000000s ]
INFO: [ app_init ] --END-- [ RunTime:0.001000s ]
INFO: [ app_begin ] --START--
INFO: Run Behavior\ReadHtmlCacheBehavior [ RunTime:0.001000s ]
INFO: [ app_begin ] --END-- [ RunTime:0.002000s ]
INFO: [ app_end ] --START--
INFO: Run Behavior\ShowPageTraceBehavior [ RunTime:0.001000s ]
INFO: [ app_end ] --END-- [ RunTime:0.001000s ]

[ 2017-07-27T18:03:02+08:00 ] 10.4.10.100 /sim.php?s=/Newtb/index/pid/8
INFO: [ app_init ] --START--
INFO: Run Behavior\BuildLiteBehavior [ RunTime:0.000000s ]
INFO: [ app_init ] --END-- [ RunTime:0.002000s ]
INFO: [ app_begin ] --START--
INFO: Run Behavior\ReadHtmlCacheBehavior [ RunTime:0.001000s ]
INFO: [ app_begin ] --END-- [ RunTime:0.003000s ]
NOTIC: [2048] Declaration of Think\Db\Driver\Mysql::parseKey() should be compatible with Think\Db\Driver::parseKey(&$key) D:\ying\upupw\htdocs\Include\Library\Think\Db\Driver\Mysql.class.php 第 20 行.
SQL: SHOW COLUMNS FROM `si_category` [ RunTime:0.0080s ]
SQL: SELECT * FROM si_category WHERE `id` = 8 LIMIT 1   [ RunTime:0.0010s ]
SQL: SELECT * FROM si_category WHERE `id` = 8 LIMIT 1   [ RunTime:0.0010s ]
NOTIC: [8] Undefined variable: new_data D:\ying\upupw\htdocs\App\Manage\Controller\NewtbController.class.php 第 45 行.
INFO: [ view_parse ] --START--
INFO: [ template_filter ] --START--
INFO: Run Behavior\ContentReplaceBehavior [ RunTime:0.000000s ]
INFO: [ template_filter ] --END-- [ RunTime:0.001000s ]
INFO: Run Behavior\ParseTemplateBehavior [ RunTime:0.026001s ]
INFO: [ view_parse ] --END-- [ RunTime:0.026001s ]
INFO: [ view_filter ] --START--
INFO: Run Behavior\WriteHtmlCacheBehavior [ RunTime:0.002000s ]
INFO: Run Behavior\TokenBuildBehavior [ RunTime:0.001000s ]
INFO: [ view_filter ] --END-- [ RunTime:0.004000s ]
INFO: [ app_end ] --START--
INFO: Run Behavior\ShowPageTraceBehavior [ RunTime:0.001000s ]
INFO: [ app_end ] --END-- [ RunTime:0.001000s ]

[ 2017-07-27T18:03:04+08:00 ] 127.0.0.1 /sim.php?s=/Newtb/index/pid/8
INFO: [ app_init ] --START--
INFO: Run Behavior\BuildLiteBehavior [ RunTime:0.000000s ]
INFO: [ app_init ] --END-- [ RunTime:0.001000s ]
INFO: [ app_begin ] --START--
INFO: Run Behavior\ReadHtmlCacheBehavior [ RunTime:0.001001s ]
INFO: [ app_begin ] --END-- [ RunTime:0.001001s ]
NOTIC: [2048] Declaration of Think\Db\Driver\Mysql::parseKey() should be compatible with Think\Db\Driver::parseKey(&$key) D:\ying\upupw\htdocs\Include\Library\Think\Db\Driver\Mysql.class.php 第 20 行.
SQL: SHOW COLUMNS FROM `si_category` [ RunTime:0.0070s ]
SQL: SELECT * FROM si_category WHERE `id` = 8 LIMIT 1   [ RunTime:0.0010s ]
SQL: SELECT * FROM si_category WHERE `id` = 8 LIMIT 1   [ RunTime:0.0010s ]
NOTIC: [8] Undefined variable: new_data D:\ying\upupw\htdocs\App\Manage\Controller\NewtbController.class.php 第 45 行.
INFO: [ view_parse ] --START--
INFO: [ template_filter ] --START--
INFO: Run Behavior\ContentReplaceBehavior [ RunTime:0.000000s ]
INFO: [ template_filter ] --END-- [ RunTime:0.000000s ]
INFO: Run Behavior\ParseTemplateBehavior [ RunTime:0.024001s ]
INFO: [ view_parse ] --END-- [ RunTime:0.024001s ]
INFO: [ view_filter ] --START--
INFO: Run Behavior\WriteHtmlCacheBehavior [ RunTime:0.001001s ]
INFO: Run Behavior\TokenBuildBehavior [ RunTime:0.001000s ]
INFO: [ view_filter ] --END-- [ RunTime:0.002001s ]
INFO: [ app_end ] --START--
INFO: Run Behavior\ShowPageTraceBehavior [ RunTime:0.001000s ]
INFO: [ app_end ] --END-- [ RunTime:0.001000s ]

[ 2017-07-27T18:04:38+08:00 ] 10.4.10.100 /sim.php?s=/Login/logout
INFO: [ app_init ] --START--
INFO: Run Behavior\BuildLiteBehavior [ RunTime:0.000000s ]
INFO: [ app_init ] --END-- [ RunTime:0.001001s ]
INFO: [ app_begin ] --START--
INFO: Run Behavior\ReadHtmlCacheBehavior [ RunTime:0.001000s ]
INFO: [ app_begin ] --END-- [ RunTime:0.001000s ]

[ 2017-07-27T18:05:21+08:00 ] 127.0.0.1 /sim.php?s=/Newtb/index/pid/11
INFO: [ app_init ] --START--
INFO: Run Behavior\BuildLiteBehavior [ RunTime:0.000000s ]
INFO: [ app_init ] --END-- [ RunTime:0.001000s ]
INFO: [ app_begin ] --START--
INFO: Run Behavior\ReadHtmlCacheBehavior [ RunTime:0.001000s ]
INFO: [ app_begin ] --END-- [ RunTime:0.001000s ]
NOTIC: [2048] Declaration of Think\Db\Driver\Mysql::parseKey() should be compatible with Think\Db\Driver::parseKey(&$key) D:\ying\upupw\htdocs\Include\Library\Think\Db\Driver\Mysql.class.php 第 20 行.
SQL: SHOW COLUMNS FROM `si_category` [ RunTime:0.0070s ]
SQL: SELECT * FROM si_category WHERE `id` = 11 LIMIT 1   [ RunTime:0.0000s ]
SQL: SELECT * FROM si_category WHERE `id` = 11 LIMIT 1   [ RunTime:0.0010s ]
NOTIC: [8] Undefined variable: new_data D:\ying\upupw\htdocs\App\Manage\Controller\NewtbController.class.php 第 45 行.
INFO: [ view_parse ] --START--
INFO: [ template_filter ] --START--
INFO: Run Behavior\ContentReplaceBehavior [ RunTime:0.000000s ]
INFO: [ template_filter ] --END-- [ RunTime:0.000000s ]
INFO: Run Behavior\ParseTemplateBehavior [ RunTime:0.024001s ]
INFO: [ view_parse ] --END-- [ RunTime:0.025001s ]
INFO: [ view_filter ] --START--
INFO: Run Behavior\WriteHtmlCacheBehavior [ RunTime:0.001000s ]
INFO: Run Behavior\TokenBuildBehavior [ RunTime:0.001000s ]
INFO: [ view_filter ] --END-- [ RunTime:0.003000s ]
INFO: [ app_end ] --START--
INFO: Run Behavior\ShowPageTraceBehavior [ RunTime:0.001000s ]
INFO: [ app_end ] --END-- [ RunTime:0.001000s ]

[ 2017-07-27T18:05:23+08:00 ] 127.0.0.1 /sim.php?s=/Newtb/index/pid/10
INFO: [ app_init ] --START--
INFO: Run Behavior\BuildLiteBehavior [ RunTime:0.000000s ]
INFO: [ app_init ] --END-- [ RunTime:0.001000s ]
INFO: [ app_begin ] --START--
INFO: Run Behavior\ReadHtmlCacheBehavior [ RunTime:0.001000s ]
INFO: [ app_begin ] --END-- [ RunTime:0.001000s ]
NOTIC: [2048] Declaration of Think\Db\Driver\Mysql::parseKey() should be compatible with Think\Db\Driver::parseKey(&$key) D:\ying\upupw\htdocs\Include\Library\Think\Db\Driver\Mysql.class.php 第 20 行.
SQL: SHOW COLUMNS FROM `si_category` [ RunTime:0.0070s ]
SQL: SELECT * FROM si_category WHERE `id` = 10 LIMIT 1   [ RunTime:0.0010s ]
SQL: SELECT * FROM si_category WHERE `id` = 10 LIMIT 1   [ RunTime:0.0010s ]
NOTIC: [8] Undefined variable: new_data D:\ying\upupw\htdocs\App\Manage\Controller\NewtbController.class.php 第 45 行.
INFO: [ view_parse ] --START--
INFO: [ template_filter ] --START--
INFO: Run Behavior\ContentReplaceBehavior [ RunTime:0.000000s ]
INFO: [ template_filter ] --END-- [ RunTime:0.000000s ]
INFO: Run Behavior\ParseTemplateBehavior [ RunTime:0.023001s ]
INFO: [ view_parse ] --END-- [ RunTime:0.023001s ]
INFO: [ view_filter ] --START--
INFO: Run Behavior\WriteHtmlCacheBehavior [ RunTime:0.001000s ]
INFO: Run Behavior\TokenBuildBehavior [ RunTime:0.001000s ]
INFO: [ view_filter ] --END-- [ RunTime:0.002000s ]
INFO: [ app_end ] --START--
INFO: Run Behavior\ShowPageTraceBehavior [ RunTime:0.001000s ]
INFO: [ app_end ] --END-- [ RunTime:0.001000s ]

[ 2017-07-27T18:05:24+08:00 ] 127.0.0.1 /sim.php?s=/Article/index/pid/99
INFO: [ app_init ] --START--
INFO: Run Behavior\BuildLiteBehavior [ RunTime:0.000000s ]
INFO: [ app_init ] --END-- [ RunTime:0.001001s ]
INFO: [ app_begin ] --START--
INFO: Run Behavior\ReadHtmlCacheBehavior [ RunTime:0.001000s ]
INFO: [ app_begin ] --END-- [ RunTime:0.001000s ]
NOTIC: [2048] Declaration of Think\Db\Driver\Mysql::parseKey() should be compatible with Think\Db\Driver::parseKey(&$key) D:\ying\upupw\htdocs\Include\Library\Think\Db\Driver\Mysql.class.php 第 20 行.
SQL: SHOW COLUMNS FROM `si_article` [ RunTime:0.0070s ]
SQL: SHOW COLUMNS FROM `si_category` [ RunTime:0.0080s ]
SQL: SELECT COUNT(*) AS tp_count FROM si_article article LEFT JOIN si_category category ON article.cid = category.id  WHERE article.status = 0 AND article.cid IN (99) LIMIT 1   [ RunTime:0.0010s ]
SQL: SELECT article.id AS id,article.title AS title,article.shorttitle AS shorttitle,article.color AS color,article.copyfrom AS copyfrom,article.author AS author,article.keywords AS keywords,article.litpic AS litpic,article.description AS description,article.publishtime AS publishtime,article.updatetime AS updatetime,article.click AS click,article.cid AS cid,article.commentflag AS commentflag,article.flag AS flag,article.jumpurl AS jumpurl,article.status AS status,article.userid AS userid,article.aid AS aid,category.name AS catename,category.ename AS ename,category.modelid AS modelid FROM si_article article LEFT JOIN si_category category ON article.cid = category.id  WHERE article.status = 0 AND article.cid IN (99) ORDER BY article.publishtime DESC LIMIT 0,10   [ RunTime:0.0010s ]
INFO: [ view_parse ] --START--
INFO: [ template_filter ] --START--
INFO: Run Behavior\ContentReplaceBehavior [ RunTime:0.000000s ]
INFO: [ template_filter ] --END-- [ RunTime:0.000000s ]
INFO: Run Behavior\ParseTemplateBehavior [ RunTime:0.035002s ]
INFO: [ view_parse ] --END-- [ RunTime:0.035002s ]
INFO: [ view_filter ] --START--
INFO: Run Behavior\WriteHtmlCacheBehavior [ RunTime:0.000000s ]
INFO: Run Behavior\TokenBuildBehavior [ RunTime:0.002000s ]
INFO: [ view_filter ] --END-- [ RunTime:0.002000s ]
INFO: [ app_end ] --START--
INFO: Run Behavior\ShowPageTraceBehavior [ RunTime:0.001000s ]
INFO: [ app_end ] --END-- [ RunTime:0.001000s ]

[ 2017-07-27T18:05:26+08:00 ] 127.0.0.1 /sim.php?s=/Article/edit/id/830/pid/99
INFO: [ app_init ] --START--
INFO: Run Behavior\BuildLiteBehavior [ RunTime:0.000000s ]
INFO: [ app_init ] --END-- [ RunTime:0.001000s ]
INFO: [ app_begin ] --START--
INFO: Run Behavior\ReadHtmlCacheBehavior [ RunTime:0.001000s ]
INFO: [ app_begin ] --END-- [ RunTime:0.001000s ]
NOTIC: [2048] Declaration of Think\Db\Driver\Mysql::parseKey() should be compatible with Think\Db\Driver::parseKey(&$key) D:\ying\upupw\htdocs\Include\Library\Think\Db\Driver\Mysql.class.php 第 20 行.
SQL: SHOW COLUMNS FROM `si_article` [ RunTime:0.0060s ]
SQL: SELECT * FROM si_article WHERE `id` = 830 LIMIT 1   [ RunTime:0.0000s ]
INFO: [ view_parse ] --START--
INFO: [ template_filter ] --START--
INFO: Run Behavior\ContentReplaceBehavior [ RunTime:0.001001s ]
INFO: [ template_filter ] --END-- [ RunTime:0.001001s ]
INFO: Run Behavior\ParseTemplateBehavior [ RunTime:0.021001s ]
INFO: [ view_parse ] --END-- [ RunTime:0.021001s ]
INFO: [ view_filter ] --START--
INFO: Run Behavior\WriteHtmlCacheBehavior [ RunTime:0.000000s ]
INFO: Run Behavior\TokenBuildBehavior [ RunTime:0.001000s ]
INFO: [ view_filter ] --END-- [ RunTime:0.002000s ]
INFO: [ app_end ] --START--
INFO: Run Behavior\ShowPageTraceBehavior [ RunTime:0.001000s ]
INFO: [ app_end ] --END-- [ RunTime:0.001000s ]

[ 2017-07-27T18:05:26+08:00 ] 127.0.0.1 /sim.php?s=/Public/editorMethod&action=config&&noCache=1501149926317
INFO: [ app_init ] --START--
INFO: Run Behavior\BuildLiteBehavior [ RunTime:0.000000s ]
INFO: [ app_init ] --END-- [ RunTime:0.002000s ]
INFO: [ app_begin ] --START--
INFO: Run Behavior\ReadHtmlCacheBehavior [ RunTime:0.001000s ]
INFO: [ app_begin ] --END-- [ RunTime:0.001000s ]
INFO: [ app_end ] --START--
INFO: Run Behavior\ShowPageTraceBehavior [ RunTime:0.001000s ]
INFO: [ app_end ] --END-- [ RunTime:0.001000s ]

[ 2017-07-27T18:11:16+08:00 ] 127.0.0.1 /sim.php?s=/Rbac/index
INFO: [ app_init ] --START--
INFO: Run Behavior\BuildLiteBehavior [ RunTime:0.000000s ]
INFO: [ app_init ] --END-- [ RunTime:0.001000s ]
INFO: [ app_begin ] --START--
INFO: Run Behavior\ReadHtmlCacheBehavior [ RunTime:0.001000s ]
INFO: [ app_begin ] --END-- [ RunTime:0.002000s ]
NOTIC: [2048] Declaration of Think\Db\Driver\Mysql::parseKey() should be compatible with Think\Db\Driver::parseKey(&$key) D:\ying\upupw\htdocs\Include\Library\Think\Db\Driver\Mysql.class.php 第 20 行.
SQL: SHOW COLUMNS FROM `si_admin` [ RunTime:0.0070s ]
SQL: SELECT COUNT(*) AS tp_count FROM si_admin WHERE `id` > '0' LIMIT 1   [ RunTime:0.0010s ]
SQL: SELECT `id`,`username`,`encrypt`,`realname`,`email`,`usertype`,`logintime`,`loginip`,`islock` FROM si_admin WHERE `id` > '0' LIMIT 0,10   [ RunTime:0.0010s ]
SQL: SHOW COLUMNS FROM `si_role_user` [ RunTime:0.0070s ]
SQL: SHOW COLUMNS FROM `si_role` [ RunTime:0.0070s ]
SQL: SELECT role_user.user_id AS user_id,role.name AS name,role.remark AS remark,role.status AS rstatus FROM si_role_user role_user  JOIN si_role role ON role_user.role_id = role.id  WHERE role_user.user_id = '1'  [ RunTime:0.0000s ]
SQL: SELECT role_user.user_id AS user_id,role.name AS name,role.remark AS remark,role.status AS rstatus FROM si_role_user role_user  JOIN si_role role ON role_user.role_id = role.id  WHERE role_user.user_id = '6'  [ RunTime:0.0010s ]
SQL: SELECT role_user.user_id AS user_id,role.name AS name,role.remark AS remark,role.status AS rstatus FROM si_role_user role_user  JOIN si_role role ON role_user.role_id = role.id  WHERE role_user.user_id = '7'  [ RunTime:0.0010s ]
SQL: SELECT role_user.user_id AS user_id,role.name AS name,role.remark AS remark,role.status AS rstatus FROM si_role_user role_user  JOIN si_role role ON role_user.role_id = role.id  WHERE role_user.user_id = '8'  [ RunTime:0.0010s ]
SQL: SELECT role_user.user_id AS user_id,role.name AS name,role.remark AS remark,role.status AS rstatus FROM si_role_user role_user  JOIN si_role role ON role_user.role_id = role.id  WHERE role_user.user_id = '12'  [ RunTime:0.0010s ]
SQL: SELECT role_user.user_id AS user_id,role.name AS name,role.remark AS remark,role.status AS rstatus FROM si_role_user role_user  JOIN si_role role ON role_user.role_id = role.id  WHERE role_user.user_id = '13'  [ RunTime:0.0000s ]
INFO: [ view_parse ] --START--
INFO: [ template_filter ] --START--
INFO: Run Behavior\ContentReplaceBehavior [ RunTime:0.001000s ]
INFO: [ template_filter ] --END-- [ RunTime:0.001000s ]
INFO: Run Behavior\ParseTemplateBehavior [ RunTime:0.027002s ]
INFO: [ view_parse ] --END-- [ RunTime:0.027002s ]
INFO: [ view_filter ] --START--
INFO: Run Behavior\WriteHtmlCacheBehavior [ RunTime:0.000000s ]
INFO: Run Behavior\TokenBuildBehavior [ RunTime:0.002000s ]
INFO: [ view_filter ] --END-- [ RunTime:0.003000s ]
INFO: [ app_end ] --START--
INFO: Run Behavior\ShowPageTraceBehavior [ RunTime:0.001000s ]
INFO: [ app_end ] --END-- [ RunTime:0.001000s ]

[ 2017-07-27T18:13:22+08:00 ] 127.0.0.1 /sim.php?s=/Login/logout
INFO: [ app_init ] --START--
INFO: Run Behavior\BuildLiteBehavior [ RunTime:0.000000s ]
INFO: [ app_init ] --END-- [ RunTime:0.001000s ]
INFO: [ app_begin ] --START--
INFO: Run Behavior\ReadHtmlCacheBehavior [ RunTime:0.002000s ]
INFO: [ app_begin ] --END-- [ RunTime:0.002000s ]

[ 2017-07-27T18:13:22+08:00 ] 127.0.0.1 /sim.php?s=/Login/logout
INFO: [ app_init ] --START--
INFO: Run Behavior\BuildLiteBehavior [ RunTime:0.000000s ]
INFO: [ app_init ] --END-- [ RunTime:0.001000s ]
INFO: [ app_begin ] --START--
INFO: Run Behavior\ReadHtmlCacheBehavior [ RunTime:0.001000s ]
INFO: [ app_begin ] --END-- [ RunTime:0.001000s ]

[ 2017-07-27T18:13:22+08:00 ] 127.0.0.1 /sim.php?s=/Login/index
INFO: [ app_init ] --START--
INFO: Run Behavior\BuildLiteBehavior [ RunTime:0.000000s ]
INFO: [ app_init ] --END-- [ RunTime:0.001000s ]
INFO: [ app_begin ] --START--
INFO: Run Behavior\ReadHtmlCacheBehavior [ RunTime:0.002000s ]
INFO: [ app_begin ] --END-- [ RunTime:0.002000s ]
INFO: [ view_parse ] --START--
INFO: [ template_filter ] --START--
INFO: Run Behavior\ContentReplaceBehavior [ RunTime:0.000000s ]
INFO: [ template_filter ] --END-- [ RunTime:0.001000s ]
INFO: Run Behavior\ParseTemplateBehavior [ RunTime:0.017001s ]
INFO: [ view_parse ] --END-- [ RunTime:0.017001s ]
INFO: [ view_filter ] --START--
INFO: Run Behavior\WriteHtmlCacheBehavior [ RunTime:0.001000s ]
INFO: Run Behavior\TokenBuildBehavior [ RunTime:0.002000s ]
INFO: [ view_filter ] --END-- [ RunTime:0.003000s ]
INFO: [ app_end ] --START--
INFO: Run Behavior\ShowPageTraceBehavior [ RunTime:0.001000s ]
INFO: [ app_end ] --END-- [ RunTime:0.001000s ]

[ 2017-07-27T18:13:22+08:00 ] 127.0.0.1 /sim.php?s=/Login/logout
INFO: [ app_init ] --START--
INFO: Run Behavior\BuildLiteBehavior [ RunTime:0.001000s ]
INFO: [ app_init ] --END-- [ RunTime:0.002000s ]
INFO: [ app_begin ] --START--
INFO: Run Behavior\ReadHtmlCacheBehavior [ RunTime:0.002000s ]
INFO: [ app_begin ] --END-- [ RunTime:0.002000s ]
NOTIC: [2] session_destroy(): Session object destruction failed D:\ying\upupw\htdocs\App\Manage\Controller\LoginController.class.php 第 100 行.

[ 2017-07-27T18:13:22+08:00 ] 127.0.0.1 /sim.php?s=/Login/logout
INFO: [ app_init ] --START--
INFO: Run Behavior\BuildLiteBehavior [ RunTime:0.000000s ]
INFO: [ app_init ] --END-- [ RunTime:0.001000s ]
INFO: [ app_begin ] --START--
INFO: Run Behavior\ReadHtmlCacheBehavior [ RunTime:0.001000s ]
INFO: [ app_begin ] --END-- [ RunTime:0.001000s ]
NOTIC: [2] session_destroy(): Session object destruction failed D:\ying\upupw\htdocs\App\Manage\Controller\LoginController.class.php 第 100 行.

[ 2017-07-27T18:13:22+08:00 ] 127.0.0.1 /sim.php?s=/Login/logout
INFO: [ app_init ] --START--
INFO: Run Behavior\BuildLiteBehavior [ RunTime:0.001000s ]
INFO: [ app_init ] --END-- [ RunTime:0.001000s ]
INFO: [ app_begin ] --START--
INFO: Run Behavior\ReadHtmlCacheBehavior [ RunTime:0.002000s ]
INFO: [ app_begin ] --END-- [ RunTime:0.003000s ]

[ 2017-07-27T18:13:22+08:00 ] 127.0.0.1 /sim.php?s=/Login/index
INFO: [ app_init ] --START--
INFO: Run Behavior\BuildLiteBehavior [ RunTime:0.000000s ]
INFO: [ app_init ] --END-- [ RunTime:0.001000s ]
INFO: [ app_begin ] --START--
INFO: Run Behavior\ReadHtmlCacheBehavior [ RunTime:0.001000s ]
INFO: [ app_begin ] --END-- [ RunTime:0.001000s ]
INFO: [ view_parse ] --START--
INFO: [ template_filter ] --START--
INFO: Run Behavior\ContentReplaceBehavior [ RunTime:0.000000s ]
INFO: [ template_filter ] --END-- [ RunTime:0.000000s ]
INFO: Run Behavior\ParseTemplateBehavior [ RunTime:0.015001s ]
INFO: [ view_parse ] --END-- [ RunTime:0.015001s ]
INFO: [ view_filter ] --START--
INFO: Run Behavior\WriteHtmlCacheBehavior [ RunTime:0.006000s ]
INFO: Run Behavior\TokenBuildBehavior [ RunTime:0.003001s ]
INFO: [ view_filter ] --END-- [ RunTime:0.012001s ]
INFO: [ app_end ] --START--
INFO: Run Behavior\ShowPageTraceBehavior [ RunTime:0.005000s ]
INFO: [ app_end ] --END-- [ RunTime:0.005000s ]

[ 2017-07-27T18:13:22+08:00 ] 127.0.0.1 /sim.php?s=/Login/index
INFO: [ app_init ] --START--
INFO: Run Behavior\BuildLiteBehavior [ RunTime:0.000000s ]
INFO: [ app_init ] --END-- [ RunTime:0.002000s ]
INFO: [ app_begin ] --START--
INFO: Run Behavior\ReadHtmlCacheBehavior [ RunTime:0.001000s ]
INFO: [ app_begin ] --END-- [ RunTime:0.002000s ]
INFO: [ view_parse ] --START--
INFO: [ template_filter ] --START--
INFO: Run Behavior\ContentReplaceBehavior [ RunTime:0.000000s ]
INFO: [ template_filter ] --END-- [ RunTime:0.001000s ]
INFO: Run Behavior\ParseTemplateBehavior [ RunTime:0.017001s ]
INFO: [ view_parse ] --END-- [ RunTime:0.017001s ]
INFO: [ view_filter ] --START--
INFO: Run Behavior\WriteHtmlCacheBehavior [ RunTime:0.001000s ]
INFO: Run Behavior\TokenBuildBehavior [ RunTime:0.002000s ]
INFO: [ view_filter ] --END-- [ RunTime:0.003000s ]
INFO: [ app_end ] --START--
INFO: Run Behavior\ShowPageTraceBehavior [ RunTime:0.002000s ]
INFO: [ app_end ] --END-- [ RunTime:0.002000s ]

[ 2017-07-27T18:13:23+08:00 ] 127.0.0.1 /sim.php?s=/Login/logout
INFO: [ app_init ] --START--
INFO: Run Behavior\BuildLiteBehavior [ RunTime:0.000000s ]
INFO: [ app_init ] --END-- [ RunTime:0.000000s ]
INFO: [ app_begin ] --START--
INFO: Run Behavior\ReadHtmlCacheBehavior [ RunTime:0.002000s ]
INFO: [ app_begin ] --END-- [ RunTime:0.002000s ]

