[ 2017-08-07T15:51:17+08:00 ] 10.4.8.99 /sim.php
INFO: [ app_init ] --START--
INFO: Run Behavior\BuildLiteBehavior [ RunTime:0.000000s ]
INFO: [ app_init ] --END-- [ RunTime:0.001000s ]
INFO: [ app_begin ] --START--
INFO: Run Behavior\ReadHtmlCacheBehavior [ RunTime:0.005000s ]
INFO: [ app_begin ] --END-- [ RunTime:0.005000s ]

[ 2017-08-07T15:51:17+08:00 ] 10.4.8.99 /sim.php?s=/Login/index
INFO: [ app_init ] --START--
INFO: Run Behavior\BuildLiteBehavior [ RunTime:0.000000s ]
INFO: [ app_init ] --END-- [ RunTime:0.001000s ]
INFO: [ app_begin ] --START--
INFO: Run Behavior\ReadHtmlCacheBehavior [ RunTime:0.002000s ]
INFO: [ app_begin ] --END-- [ RunTime:0.002000s ]
INFO: [ view_parse ] --START--
INFO: [ template_filter ] --START--
INFO: Run Behavior\ContentReplaceBehavior [ RunTime:0.001000s ]
INFO: [ template_filter ] --END-- [ RunTime:0.001000s ]
INFO: Run Behavior\ParseTemplateBehavior [ RunTime:0.072004s ]
INFO: [ view_parse ] --END-- [ RunTime:0.073004s ]
INFO: [ view_filter ] --START--
INFO: Run Behavior\WriteHtmlCacheBehavior [ RunTime:0.002000s ]
INFO: Run Behavior\TokenBuildBehavior [ RunTime:0.014001s ]
INFO: [ view_filter ] --END-- [ RunTime:0.016001s ]
INFO: [ app_end ] --START--
INFO: Run Behavior\ShowPageTraceBehavior [ RunTime:0.003000s ]
INFO: [ app_end ] --END-- [ RunTime:0.003000s ]

[ 2017-08-07T15:51:18+08:00 ] 10.4.8.99 /sim.php?s=/Login/verify/id/a_login_1
INFO: [ app_init ] --START--
INFO: Run Behavior\BuildLiteBehavior [ RunTime:0.000000s ]
INFO: [ app_init ] --END-- [ RunTime:0.001000s ]
INFO: [ app_begin ] --START--
INFO: Run Behavior\ReadHtmlCacheBehavior [ RunTime:0.001000s ]
INFO: [ app_begin ] --END-- [ RunTime:0.001000s ]
INFO: [ app_end ] --START--
INFO: Run Behavior\ShowPageTraceBehavior [ RunTime:0.001000s ]
INFO: [ app_end ] --END-- [ RunTime:0.002000s ]

[ 2017-08-07T15:51:28+08:00 ] 10.4.8.99 /sim.php?s=/Login/login
INFO: [ app_init ] --START--
INFO: Run Behavior\BuildLiteBehavior [ RunTime:0.000000s ]
INFO: [ app_init ] --END-- [ RunTime:0.001001s ]
INFO: [ app_begin ] --START--
INFO: Run Behavior\ReadHtmlCacheBehavior [ RunTime:0.002000s ]
INFO: [ app_begin ] --END-- [ RunTime:0.002000s ]
NOTIC: [2048] Declaration of Think\Db\Driver\Mysql::parseKey() should be compatible with Think\Db\Driver::parseKey(&$key) D:\ying\upupw\htdocs\Include\Library\Think\Db\Driver\Mysql.class.php 第 20 行.
SQL: SHOW COLUMNS FROM `si_admin` [ RunTime:0.0060s ]
SQL: SELECT * FROM si_admin WHERE `username` = 'testtest' LIMIT 1   [ RunTime:0.0010s ]
SQL: UPDATE si_admin SET `logintime`='1502092288',`loginip`='10.4.8.99' WHERE `id` = 18 [ RunTime:0.0010s ]
SQL: SHOW COLUMNS FROM `si_role_user` [ RunTime:0.0070s ]
SQL: SELECT `role_id` FROM si_role_user WHERE `user_id` = '18' LIMIT 1   [ RunTime:0.0000s ]
NOTIC: [8] Undefined index: yang_adm_superadmin D:\ying\upupw\htdocs\Include\Library\Org\Util\Rbac.class.php 第 88 行.
SQL: select node.id,node.name from si_role as role,si_role_user as user,si_access as access ,si_node as node where user.user_id='18' and user.role_id=role.id and ( access.role_id=role.id  or (access.role_id=role.pid and role.pid!=0 ) ) and role.status=1 and access.node_id=node.id and node.level=1 and node.status=1 [ RunTime:0.0010s ]
SQL: select node.id,node.name from si_role as role,si_role_user as user,si_access as access ,si_node as node where user.user_id='18' and user.role_id=role.id and ( access.role_id=role.id  or (access.role_id=role.pid and role.pid!=0 ) ) and role.status=1 and access.node_id=node.id and node.level=2 and node.pid=1 and node.status=1 [ RunTime:0.0010s ]
SQL: select node.id,node.name from si_role as role,si_role_user as user,si_access as access ,si_node as node where user.user_id='18' and user.role_id=role.id and ( access.role_id=role.id  or (access.role_id=role.pid and role.pid!=0 ) ) and role.status=1 and access.node_id=node.id and node.level=3 and node.pid=56 and node.status=1 [ RunTime:0.0010s ]
SQL: select node.id,node.name from si_role as role,si_role_user as user,si_access as access ,si_node as node where user.user_id='18' and user.role_id=role.id and ( access.role_id=role.id  or (access.role_id=role.pid and role.pid!=0 ) ) and role.status=1 and access.node_id=node.id and node.level=3 and node.pid=25 and node.status=1 [ RunTime:0.0010s ]

[ 2017-08-07T15:51:28+08:00 ] 10.4.8.99 /sim.php?s=/Login/verify/id/a_login_1
INFO: [ app_init ] --START--
INFO: Run Behavior\BuildLiteBehavior [ RunTime:0.000000s ]
INFO: [ app_init ] --END-- [ RunTime:0.001000s ]
INFO: [ app_begin ] --START--
INFO: Run Behavior\ReadHtmlCacheBehavior [ RunTime:0.001000s ]
INFO: [ app_begin ] --END-- [ RunTime:0.002000s ]
INFO: [ app_end ] --START--
INFO: Run Behavior\ShowPageTraceBehavior [ RunTime:0.001000s ]
INFO: [ app_end ] --END-- [ RunTime:0.002000s ]

[ 2017-08-07T15:51:28+08:00 ] 10.4.8.99 /sim.php?s=/Index/index
INFO: [ app_init ] --START--
INFO: Run Behavior\BuildLiteBehavior [ RunTime:0.000000s ]
INFO: [ app_init ] --END-- [ RunTime:0.001000s ]
INFO: [ app_begin ] --START--
INFO: Run Behavior\ReadHtmlCacheBehavior [ RunTime:0.001000s ]
INFO: [ app_begin ] --END-- [ RunTime:0.001000s ]
NOTIC: [2048] Declaration of Think\Db\Driver\Mysql::parseKey() should be compatible with Think\Db\Driver::parseKey(&$key) D:\ying\upupw\htdocs\Include\Library\Think\Db\Driver\Mysql.class.php 第 20 行.
SQL: SHOW COLUMNS FROM `si_menu` [ RunTime:0.0070s ]
SQL: SELECT * FROM si_menu WHERE `status` = 1 ORDER BY sort,id  [ RunTime:0.0020s ]
SQL: SELECT * FROM si_menu WHERE `status` = 1 AND `quick` = 1 ORDER BY sort,id  [ RunTime:0.0010s ]
INFO: [ view_parse ] --START--
INFO: [ template_filter ] --START--
INFO: Run Behavior\ContentReplaceBehavior [ RunTime:0.000000s ]
INFO: [ template_filter ] --END-- [ RunTime:0.001000s ]
INFO: Run Behavior\ParseTemplateBehavior [ RunTime:0.051003s ]
INFO: [ view_parse ] --END-- [ RunTime:0.051003s ]
INFO: [ view_filter ] --START--
INFO: Run Behavior\WriteHtmlCacheBehavior [ RunTime:0.001000s ]
INFO: Run Behavior\TokenBuildBehavior [ RunTime:0.001000s ]
INFO: [ view_filter ] --END-- [ RunTime:0.002000s ]
INFO: [ app_end ] --START--
INFO: Run Behavior\ShowPageTraceBehavior [ RunTime:0.001000s ]
INFO: [ app_end ] --END-- [ RunTime:0.001000s ]

[ 2017-08-07T15:51:28+08:00 ] 10.4.8.99 /sim.php?s=/Index/getParentCate&pid=0&rnd=83009
INFO: [ app_init ] --START--
INFO: Run Behavior\BuildLiteBehavior [ RunTime:0.000000s ]
INFO: [ app_init ] --END-- [ RunTime:0.001001s ]
INFO: [ app_begin ] --START--
INFO: Run Behavior\ReadHtmlCacheBehavior [ RunTime:0.001000s ]
INFO: [ app_begin ] --END-- [ RunTime:0.001000s ]
NOTIC: [2048] Declaration of Think\Db\Driver\Mysql::parseKey() should be compatible with Think\Db\Driver::parseKey(&$key) D:\ying\upupw\htdocs\Include\Library\Think\Db\Driver\Mysql.class.php 第 20 行.
SQL: SHOW COLUMNS FROM `si_category` [ RunTime:0.0070s ]
SQL: SHOW COLUMNS FROM `si_model` [ RunTime:0.0070s ]
SQL: SELECT COUNT(*) AS tp_count FROM si_category category LEFT JOIN si_model model ON category.modelid = model.id  WHERE category.pid = 0 AND category.type = 0 LIMIT 1   [ RunTime:0.0010s ]
SQL: SELECT category.id AS id,category.name AS name,category.ename AS ename,category.catpic AS catpic,category.pid AS pid,category.modelid AS modelid,category.type AS type,category.seotitle AS seotitle,category.keywords AS keywords,category.description AS description,category.template_category AS template_category,category.template_list AS template_list,category.template_show AS template_show,category.status AS status,category.sort AS sort,category.litpic AS litpic,model.name AS modelname,model.tablename AS tablename FROM si_category category LEFT JOIN si_model model ON category.modelid = model.id  WHERE category.pid = 0 AND category.type = 0 ORDER BY category.sort ASC,category.id ASC  [ RunTime:0.0010s ]
SQL: SHOW COLUMNS FROM `si_category_access` [ RunTime:0.0070s ]
SQL: SELECT DISTINCT  `catid` FROM si_category_access WHERE `flag` = 1 AND `roleid` = 7  [ RunTime:0.0000s ]

[ 2017-08-07T15:51:29+08:00 ] 10.4.8.99 /sim.php?s=/Public/main
INFO: [ app_init ] --START--
INFO: Run Behavior\BuildLiteBehavior [ RunTime:0.000000s ]
INFO: [ app_init ] --END-- [ RunTime:0.001001s ]
INFO: [ app_begin ] --START--
INFO: Run Behavior\ReadHtmlCacheBehavior [ RunTime:0.001000s ]
INFO: [ app_begin ] --END-- [ RunTime:0.002000s ]
NOTIC: [2048] Declaration of Think\Db\Driver\Mysql::parseKey() should be compatible with Think\Db\Driver::parseKey(&$key) D:\ying\upupw\htdocs\Include\Library\Think\Db\Driver\Mysql.class.php 第 20 行.
SQL: SHOW COLUMNS FROM `si_article` [ RunTime:0.0070s ]
SQL: SHOW COLUMNS FROM `si_product` [ RunTime:0.0070s ]
SQL: SELECT COUNT(*) AS tp_count FROM si_article LIMIT 1   [ RunTime:0.0000s ]
SQL: SELECT COUNT(*) AS tp_count FROM si_article WHERE ( cid=18 ) LIMIT 1   [ RunTime:0.0000s ]
SQL: SELECT COUNT(*) AS tp_count FROM si_article WHERE ( cid=57 ) LIMIT 1   [ RunTime:0.0010s ]
SQL: SELECT COUNT(*) AS tp_count FROM si_article WHERE ( cid=41 ) LIMIT 1   [ RunTime:0.0010s ]
SQL: SELECT COUNT(*) AS tp_count FROM si_product LIMIT 1   [ RunTime:0.0000s ]
SQL: SELECT COUNT(*) AS tp_count FROM si_product WHERE ( cid=21 ) LIMIT 1   [ RunTime:0.0000s ]
SQL: SELECT COUNT(*) AS tp_count FROM si_product WHERE ( cid=22 ) LIMIT 1   [ RunTime:0.0010s ]
SQL: SELECT COUNT(*) AS tp_count FROM si_product WHERE ( cid=23 ) LIMIT 1   [ RunTime:0.0000s ]
SQL: SELECT VERSION() as ver; [ RunTime:0.0000s ]
INFO: [ view_parse ] --START--
INFO: [ template_filter ] --START--
INFO: Run Behavior\ContentReplaceBehavior [ RunTime:0.000000s ]
INFO: [ template_filter ] --END-- [ RunTime:0.000000s ]
INFO: Run Behavior\ParseTemplateBehavior [ RunTime:0.082004s ]
INFO: [ view_parse ] --END-- [ RunTime:0.083004s ]
INFO: [ view_filter ] --START--
INFO: Run Behavior\WriteHtmlCacheBehavior [ RunTime:0.003001s ]
INFO: Run Behavior\TokenBuildBehavior [ RunTime:0.004000s ]
INFO: [ view_filter ] --END-- [ RunTime:0.009001s ]
INFO: [ app_end ] --START--
INFO: Run Behavior\ShowPageTraceBehavior [ RunTime:0.005000s ]
INFO: [ app_end ] --END-- [ RunTime:0.005000s ]

[ 2017-08-07T15:51:30+08:00 ] 10.4.8.99 /sim.php?s=/Category/index
INFO: [ app_init ] --START--
INFO: Run Behavior\BuildLiteBehavior [ RunTime:0.000000s ]
INFO: [ app_init ] --END-- [ RunTime:0.002001s ]
INFO: [ app_begin ] --START--
INFO: Run Behavior\ReadHtmlCacheBehavior [ RunTime:0.001000s ]
INFO: [ app_begin ] --END-- [ RunTime:0.002000s ]
NOTIC: [8] Undefined index: fd2971fa148c53eb032a2b027d948a9b D:\ying\upupw\htdocs\Include\Library\Org\Util\Rbac.class.php 第 170 行.
NOTIC: [2048] Declaration of Think\Db\Driver\Mysql::parseKey() should be compatible with Think\Db\Driver::parseKey(&$key) D:\ying\upupw\htdocs\Include\Library\Think\Db\Driver\Mysql.class.php 第 20 行.
SQL: SHOW COLUMNS FROM `si_category` [ RunTime:0.0070s ]
SQL: SHOW COLUMNS FROM `si_model` [ RunTime:0.0070s ]
SQL: SELECT category.id AS id,category.name AS name,category.ename AS ename,category.catpic AS catpic,category.pid AS pid,category.modelid AS modelid,category.type AS type,category.seotitle AS seotitle,category.keywords AS keywords,category.description AS description,category.template_category AS template_category,category.template_list AS template_list,category.template_show AS template_show,category.status AS status,category.sort AS sort,category.litpic AS litpic,model.name AS modelname,model.tablename AS tablename FROM si_category category LEFT JOIN si_model model ON category.modelid = model.id  ORDER BY category.sort ASC,category.id ASC  [ RunTime:0.0030s ]
INFO: [ view_parse ] --START--
INFO: [ template_filter ] --START--
INFO: Run Behavior\ContentReplaceBehavior [ RunTime:0.000000s ]
INFO: [ template_filter ] --END-- [ RunTime:0.000000s ]
INFO: Run Behavior\ParseTemplateBehavior [ RunTime:0.111006s ]
INFO: [ view_parse ] --END-- [ RunTime:0.112006s ]
INFO: [ view_filter ] --START--
INFO: Run Behavior\WriteHtmlCacheBehavior [ RunTime:0.001000s ]
INFO: Run Behavior\TokenBuildBehavior [ RunTime:0.005001s ]
INFO: [ view_filter ] --END-- [ RunTime:0.006001s ]
INFO: [ app_end ] --START--
INFO: Run Behavior\ShowPageTraceBehavior [ RunTime:0.001000s ]
INFO: [ app_end ] --END-- [ RunTime:0.001000s ]

[ 2017-08-07T15:51:34+08:00 ] 10.4.8.99 /sim.php?s=/Category/edit/id/13
INFO: [ app_init ] --START--
INFO: Run Behavior\BuildLiteBehavior [ RunTime:0.001000s ]
INFO: [ app_init ] --END-- [ RunTime:0.001000s ]
INFO: [ app_begin ] --START--
INFO: Run Behavior\ReadHtmlCacheBehavior [ RunTime:0.001000s ]
INFO: [ app_begin ] --END-- [ RunTime:0.001000s ]
NOTIC: [8] Undefined index: 6cb4272fe19ea485aab6661495f356c9 D:\ying\upupw\htdocs\Include\Library\Org\Util\Rbac.class.php 第 170 行.
NOTIC: [2048] Declaration of Think\Db\Driver\Mysql::parseKey() should be compatible with Think\Db\Driver::parseKey(&$key) D:\ying\upupw\htdocs\Include\Library\Think\Db\Driver\Mysql.class.php 第 20 行.
SQL: SHOW COLUMNS FROM `si_category` [ RunTime:0.0070s ]
SQL: SELECT * FROM si_category WHERE `id` = 13 LIMIT 1   [ RunTime:0.0010s ]
SQL: SELECT * FROM si_category ORDER BY sort  [ RunTime:0.0030s ]
SQL: SHOW COLUMNS FROM `si_model` [ RunTime:0.0070s ]
SQL: SELECT * FROM si_model WHERE `status` = 1 ORDER BY sort  [ RunTime:0.0010s ]
SQL: SHOW COLUMNS FROM `si_membergroup` [ RunTime:0.0070s ]
SQL: SELECT * FROM si_membergroup ORDER BY rank  [ RunTime:0.0000s ]
SQL: SHOW COLUMNS FROM `si_role` [ RunTime:0.0070s ]
SQL: SELECT * FROM si_role ORDER BY id  [ RunTime:0.0000s ]
INFO: [ view_parse ] --START--
INFO: [ template_filter ] --START--
INFO: Run Behavior\ContentReplaceBehavior [ RunTime:0.001000s ]
INFO: [ template_filter ] --END-- [ RunTime:0.001000s ]
SQL: SHOW COLUMNS FROM `si_category_access` [ RunTime:0.0060s ]
SQL: SELECT * FROM si_category_access WHERE `catid` = 13  [ RunTime:0.0010s ]
INFO: Run Behavior\ParseTemplateBehavior [ RunTime:0.097005s ]
INFO: [ view_parse ] --END-- [ RunTime:0.097005s ]
INFO: [ view_filter ] --START--
INFO: Run Behavior\WriteHtmlCacheBehavior [ RunTime:0.001001s ]
INFO: Run Behavior\TokenBuildBehavior [ RunTime:0.002000s ]
INFO: [ view_filter ] --END-- [ RunTime:0.004001s ]
INFO: [ app_end ] --START--
INFO: Run Behavior\ShowPageTraceBehavior [ RunTime:0.001000s ]
INFO: [ app_end ] --END-- [ RunTime:0.002000s ]

[ 2017-08-07T15:51:39+08:00 ] 10.4.8.99 /sim.php?s=/Category/index
INFO: [ app_init ] --START--
INFO: Run Behavior\BuildLiteBehavior [ RunTime:0.000000s ]
INFO: [ app_init ] --END-- [ RunTime:0.001000s ]
INFO: [ app_begin ] --START--
INFO: Run Behavior\ReadHtmlCacheBehavior [ RunTime:0.002000s ]
INFO: [ app_begin ] --END-- [ RunTime:0.002000s ]
NOTIC: [2048] Declaration of Think\Db\Driver\Mysql::parseKey() should be compatible with Think\Db\Driver::parseKey(&$key) D:\ying\upupw\htdocs\Include\Library\Think\Db\Driver\Mysql.class.php 第 20 行.
SQL: SHOW COLUMNS FROM `si_category` [ RunTime:0.0080s ]
SQL: SHOW COLUMNS FROM `si_model` [ RunTime:0.0070s ]
SQL: SELECT category.id AS id,category.name AS name,category.ename AS ename,category.catpic AS catpic,category.pid AS pid,category.modelid AS modelid,category.type AS type,category.seotitle AS seotitle,category.keywords AS keywords,category.description AS description,category.template_category AS template_category,category.template_list AS template_list,category.template_show AS template_show,category.status AS status,category.sort AS sort,category.litpic AS litpic,model.name AS modelname,model.tablename AS tablename FROM si_category category LEFT JOIN si_model model ON category.modelid = model.id  ORDER BY category.sort ASC,category.id ASC  [ RunTime:0.0040s ]
INFO: [ view_parse ] --START--
INFO: [ template_filter ] --START--
INFO: Run Behavior\ContentReplaceBehavior [ RunTime:0.001000s ]
INFO: [ template_filter ] --END-- [ RunTime:0.001000s ]
INFO: Run Behavior\ParseTemplateBehavior [ RunTime:0.100005s ]
INFO: [ view_parse ] --END-- [ RunTime:0.100005s ]
INFO: [ view_filter ] --START--
INFO: Run Behavior\WriteHtmlCacheBehavior [ RunTime:0.001000s ]
INFO: Run Behavior\TokenBuildBehavior [ RunTime:0.004000s ]
INFO: [ view_filter ] --END-- [ RunTime:0.006001s ]
INFO: [ app_end ] --START--
INFO: Run Behavior\ShowPageTraceBehavior [ RunTime:0.001000s ]
INFO: [ app_end ] --END-- [ RunTime:0.002000s ]

[ 2017-08-07T15:51:43+08:00 ] 10.4.8.99 /sim.php?s=/Category/edit/id/17
INFO: [ app_init ] --START--
INFO: Run Behavior\BuildLiteBehavior [ RunTime:0.000000s ]
INFO: [ app_init ] --END-- [ RunTime:0.001000s ]
INFO: [ app_begin ] --START--
INFO: Run Behavior\ReadHtmlCacheBehavior [ RunTime:0.001000s ]
INFO: [ app_begin ] --END-- [ RunTime:0.002000s ]
NOTIC: [2048] Declaration of Think\Db\Driver\Mysql::parseKey() should be compatible with Think\Db\Driver::parseKey(&$key) D:\ying\upupw\htdocs\Include\Library\Think\Db\Driver\Mysql.class.php 第 20 行.
SQL: SHOW COLUMNS FROM `si_category` [ RunTime:0.0080s ]
SQL: SELECT * FROM si_category WHERE `id` = 17 LIMIT 1   [ RunTime:0.0010s ]
SQL: SELECT * FROM si_category ORDER BY sort  [ RunTime:0.0030s ]
SQL: SHOW COLUMNS FROM `si_model` [ RunTime:0.0070s ]
SQL: SELECT * FROM si_model WHERE `status` = 1 ORDER BY sort  [ RunTime:0.0010s ]
SQL: SHOW COLUMNS FROM `si_membergroup` [ RunTime:0.0080s ]
SQL: SELECT * FROM si_membergroup ORDER BY rank  [ RunTime:0.0000s ]
SQL: SHOW COLUMNS FROM `si_role` [ RunTime:0.0080s ]
SQL: SELECT * FROM si_role ORDER BY id  [ RunTime:0.0010s ]
INFO: [ view_parse ] --START--
INFO: [ template_filter ] --START--
INFO: Run Behavior\ContentReplaceBehavior [ RunTime:0.000000s ]
INFO: [ template_filter ] --END-- [ RunTime:0.000000s ]
SQL: SHOW COLUMNS FROM `si_category_access` [ RunTime:0.0090s ]
SQL: SELECT * FROM si_category_access WHERE `catid` = 17  [ RunTime:0.0010s ]
INFO: Run Behavior\ParseTemplateBehavior [ RunTime:0.059003s ]
INFO: [ view_parse ] --END-- [ RunTime:0.059003s ]
INFO: [ view_filter ] --START--
INFO: Run Behavior\WriteHtmlCacheBehavior [ RunTime:0.001000s ]
INFO: Run Behavior\TokenBuildBehavior [ RunTime:0.003001s ]
INFO: [ view_filter ] --END-- [ RunTime:0.004001s ]
INFO: [ app_end ] --START--
INFO: Run Behavior\ShowPageTraceBehavior [ RunTime:0.001000s ]
INFO: [ app_end ] --END-- [ RunTime:0.001000s ]

[ 2017-08-07T15:55:02+08:00 ] 10.4.8.99 /sim.php?s=/Index/index
INFO: [ app_init ] --START--
INFO: Run Behavior\BuildLiteBehavior [ RunTime:0.000000s ]
INFO: [ app_init ] --END-- [ RunTime:0.002000s ]
INFO: [ app_begin ] --START--
INFO: Run Behavior\ReadHtmlCacheBehavior [ RunTime:0.001001s ]
INFO: [ app_begin ] --END-- [ RunTime:0.001001s ]
NOTIC: [2048] Declaration of Think\Db\Driver\Mysql::parseKey() should be compatible with Think\Db\Driver::parseKey(&$key) D:\ying\upupw\htdocs\Include\Library\Think\Db\Driver\Mysql.class.php 第 20 行.
SQL: SHOW COLUMNS FROM `si_menu` [ RunTime:0.0070s ]
SQL: SELECT * FROM si_menu WHERE `status` = 1 ORDER BY sort,id  [ RunTime:0.0010s ]
SQL: SELECT * FROM si_menu WHERE `status` = 1 AND `quick` = 1 ORDER BY sort,id  [ RunTime:0.0010s ]
INFO: [ view_parse ] --START--
INFO: [ template_filter ] --START--
INFO: Run Behavior\ContentReplaceBehavior [ RunTime:0.000000s ]
INFO: [ template_filter ] --END-- [ RunTime:0.001000s ]
INFO: Run Behavior\ParseTemplateBehavior [ RunTime:0.030002s ]
INFO: [ view_parse ] --END-- [ RunTime:0.031002s ]
INFO: [ view_filter ] --START--
INFO: Run Behavior\WriteHtmlCacheBehavior [ RunTime:0.001000s ]
INFO: Run Behavior\TokenBuildBehavior [ RunTime:0.001000s ]
INFO: [ view_filter ] --END-- [ RunTime:0.002000s ]
INFO: [ app_end ] --START--
INFO: Run Behavior\ShowPageTraceBehavior [ RunTime:0.001000s ]
INFO: [ app_end ] --END-- [ RunTime:0.001000s ]

[ 2017-08-07T15:55:02+08:00 ] 10.4.8.99 /sim.php?s=/Public/main
INFO: [ app_init ] --START--
INFO: Run Behavior\BuildLiteBehavior [ RunTime:0.000000s ]
INFO: [ app_init ] --END-- [ RunTime:0.002000s ]
INFO: [ app_begin ] --START--
INFO: Run Behavior\ReadHtmlCacheBehavior [ RunTime:0.001000s ]
INFO: [ app_begin ] --END-- [ RunTime:0.001000s ]
NOTIC: [2048] Declaration of Think\Db\Driver\Mysql::parseKey() should be compatible with Think\Db\Driver::parseKey(&$key) D:\ying\upupw\htdocs\Include\Library\Think\Db\Driver\Mysql.class.php 第 20 行.
SQL: SHOW COLUMNS FROM `si_article` [ RunTime:0.0070s ]
SQL: SHOW COLUMNS FROM `si_product` [ RunTime:0.0080s ]
SQL: SELECT COUNT(*) AS tp_count FROM si_article LIMIT 1   [ RunTime:0.0000s ]
SQL: SELECT COUNT(*) AS tp_count FROM si_article WHERE ( cid=18 ) LIMIT 1   [ RunTime:0.0010s ]
SQL: SELECT COUNT(*) AS tp_count FROM si_article WHERE ( cid=57 ) LIMIT 1   [ RunTime:0.0010s ]
SQL: SELECT COUNT(*) AS tp_count FROM si_article WHERE ( cid=41 ) LIMIT 1   [ RunTime:0.0010s ]
SQL: SELECT COUNT(*) AS tp_count FROM si_product LIMIT 1   [ RunTime:0.0000s ]
SQL: SELECT COUNT(*) AS tp_count FROM si_product WHERE ( cid=21 ) LIMIT 1   [ RunTime:0.0000s ]
SQL: SELECT COUNT(*) AS tp_count FROM si_product WHERE ( cid=22 ) LIMIT 1   [ RunTime:0.0000s ]
SQL: SELECT COUNT(*) AS tp_count FROM si_product WHERE ( cid=23 ) LIMIT 1   [ RunTime:0.0010s ]
SQL: SELECT VERSION() as ver; [ RunTime:0.0010s ]
INFO: [ view_parse ] --START--
INFO: [ template_filter ] --START--
INFO: Run Behavior\ContentReplaceBehavior [ RunTime:0.000000s ]
INFO: [ template_filter ] --END-- [ RunTime:0.001000s ]
INFO: Run Behavior\ParseTemplateBehavior [ RunTime:0.014001s ]
INFO: [ view_parse ] --END-- [ RunTime:0.014001s ]
INFO: [ view_filter ] --START--
INFO: Run Behavior\WriteHtmlCacheBehavior [ RunTime:0.001000s ]
INFO: Run Behavior\TokenBuildBehavior [ RunTime:0.001000s ]
INFO: [ view_filter ] --END-- [ RunTime:0.003000s ]
INFO: [ app_end ] --START--
INFO: Run Behavior\ShowPageTraceBehavior [ RunTime:0.002001s ]
INFO: [ app_end ] --END-- [ RunTime:0.002001s ]

[ 2017-08-07T15:55:02+08:00 ] 10.4.8.99 /sim.php?s=/Index/getParentCate&pid=0&rnd=72013
INFO: [ app_init ] --START--
INFO: Run Behavior\BuildLiteBehavior [ RunTime:0.000000s ]
INFO: [ app_init ] --END-- [ RunTime:0.001000s ]
INFO: [ app_begin ] --START--
INFO: Run Behavior\ReadHtmlCacheBehavior [ RunTime:0.001000s ]
INFO: [ app_begin ] --END-- [ RunTime:0.001000s ]
NOTIC: [2048] Declaration of Think\Db\Driver\Mysql::parseKey() should be compatible with Think\Db\Driver::parseKey(&$key) D:\ying\upupw\htdocs\Include\Library\Think\Db\Driver\Mysql.class.php 第 20 行.
SQL: SHOW COLUMNS FROM `si_category` [ RunTime:0.0080s ]
SQL: SHOW COLUMNS FROM `si_model` [ RunTime:0.0080s ]
SQL: SELECT COUNT(*) AS tp_count FROM si_category category LEFT JOIN si_model model ON category.modelid = model.id  WHERE category.pid = 0 AND category.type = 0 LIMIT 1   [ RunTime:0.0010s ]
SQL: SELECT category.id AS id,category.name AS name,category.ename AS ename,category.catpic AS catpic,category.pid AS pid,category.modelid AS modelid,category.type AS type,category.seotitle AS seotitle,category.keywords AS keywords,category.description AS description,category.template_category AS template_category,category.template_list AS template_list,category.template_show AS template_show,category.status AS status,category.sort AS sort,category.litpic AS litpic,model.name AS modelname,model.tablename AS tablename FROM si_category category LEFT JOIN si_model model ON category.modelid = model.id  WHERE category.pid = 0 AND category.type = 0 ORDER BY category.sort ASC,category.id ASC  [ RunTime:0.0020s ]
SQL: SHOW COLUMNS FROM `si_category_access` [ RunTime:0.0100s ]
SQL: SELECT DISTINCT  `catid` FROM si_category_access WHERE `flag` = 1 AND `roleid` = 7  [ RunTime:0.0010s ]

[ 2017-08-07T15:55:09+08:00 ] 10.4.8.99 /sim.php?s=/Category/index
INFO: [ app_init ] --START--
INFO: Run Behavior\BuildLiteBehavior [ RunTime:0.001000s ]
INFO: [ app_init ] --END-- [ RunTime:0.002000s ]
INFO: [ app_begin ] --START--
INFO: Run Behavior\ReadHtmlCacheBehavior [ RunTime:0.002000s ]
INFO: [ app_begin ] --END-- [ RunTime:0.002000s ]
NOTIC: [2048] Declaration of Think\Db\Driver\Mysql::parseKey() should be compatible with Think\Db\Driver::parseKey(&$key) D:\ying\upupw\htdocs\Include\Library\Think\Db\Driver\Mysql.class.php 第 20 行.
SQL: SHOW COLUMNS FROM `si_category` [ RunTime:0.0070s ]
SQL: SHOW COLUMNS FROM `si_model` [ RunTime:0.0080s ]
SQL: SELECT category.id AS id,category.name AS name,category.ename AS ename,category.catpic AS catpic,category.pid AS pid,category.modelid AS modelid,category.type AS type,category.seotitle AS seotitle,category.keywords AS keywords,category.description AS description,category.template_category AS template_category,category.template_list AS template_list,category.template_show AS template_show,category.status AS status,category.sort AS sort,category.litpic AS litpic,model.name AS modelname,model.tablename AS tablename FROM si_category category LEFT JOIN si_model model ON category.modelid = model.id  ORDER BY category.sort ASC,category.id ASC  [ RunTime:0.0030s ]
INFO: [ view_parse ] --START--
INFO: [ template_filter ] --START--
INFO: Run Behavior\ContentReplaceBehavior [ RunTime:0.001000s ]
INFO: [ template_filter ] --END-- [ RunTime:0.001000s ]
INFO: Run Behavior\ParseTemplateBehavior [ RunTime:0.104006s ]
INFO: [ view_parse ] --END-- [ RunTime:0.104006s ]
INFO: [ view_filter ] --START--
INFO: Run Behavior\WriteHtmlCacheBehavior [ RunTime:0.002000s ]
INFO: Run Behavior\TokenBuildBehavior [ RunTime:0.005000s ]
INFO: [ view_filter ] --END-- [ RunTime:0.007000s ]
INFO: [ app_end ] --START--
INFO: Run Behavior\ShowPageTraceBehavior [ RunTime:0.002000s ]
INFO: [ app_end ] --END-- [ RunTime:0.002000s ]

[ 2017-08-07T15:55:46+08:00 ] 10.4.8.99 /sim.php?s=/Category/index
INFO: [ app_init ] --START--
INFO: Run Behavior\BuildLiteBehavior [ RunTime:0.000000s ]
INFO: [ app_init ] --END-- [ RunTime:0.001000s ]
INFO: [ app_begin ] --START--
INFO: Run Behavior\ReadHtmlCacheBehavior [ RunTime:0.001000s ]
INFO: [ app_begin ] --END-- [ RunTime:0.002000s ]
NOTIC: [2048] Declaration of Think\Db\Driver\Mysql::parseKey() should be compatible with Think\Db\Driver::parseKey(&$key) D:\ying\upupw\htdocs\Include\Library\Think\Db\Driver\Mysql.class.php 第 20 行.
SQL: SHOW COLUMNS FROM `si_category` [ RunTime:0.0070s ]
SQL: SHOW COLUMNS FROM `si_model` [ RunTime:0.0070s ]
SQL: SELECT category.id AS id,category.name AS name,category.ename AS ename,category.catpic AS catpic,category.pid AS pid,category.modelid AS modelid,category.type AS type,category.seotitle AS seotitle,category.keywords AS keywords,category.description AS description,category.template_category AS template_category,category.template_list AS template_list,category.template_show AS template_show,category.status AS status,category.sort AS sort,category.litpic AS litpic,model.name AS modelname,model.tablename AS tablename FROM si_category category LEFT JOIN si_model model ON category.modelid = model.id  ORDER BY category.sort ASC,category.id ASC  [ RunTime:0.0030s ]
INFO: [ view_parse ] --START--
INFO: [ template_filter ] --START--
INFO: Run Behavior\ContentReplaceBehavior [ RunTime:0.000000s ]
INFO: [ template_filter ] --END-- [ RunTime:0.000000s ]
INFO: Run Behavior\ParseTemplateBehavior [ RunTime:0.104005s ]
INFO: [ view_parse ] --END-- [ RunTime:0.104005s ]
INFO: [ view_filter ] --START--
INFO: Run Behavior\WriteHtmlCacheBehavior [ RunTime:0.001001s ]
INFO: Run Behavior\TokenBuildBehavior [ RunTime:0.004000s ]
INFO: [ view_filter ] --END-- [ RunTime:0.006001s ]
INFO: [ app_end ] --START--
INFO: Run Behavior\ShowPageTraceBehavior [ RunTime:0.001000s ]
INFO: [ app_end ] --END-- [ RunTime:0.001000s ]

[ 2017-08-07T15:55:50+08:00 ] 10.4.8.99 /sim.php?s=/Index/index
INFO: [ app_init ] --START--
INFO: Run Behavior\BuildLiteBehavior [ RunTime:0.000000s ]
INFO: [ app_init ] --END-- [ RunTime:0.001000s ]
INFO: [ app_begin ] --START--
INFO: Run Behavior\ReadHtmlCacheBehavior [ RunTime:0.001000s ]
INFO: [ app_begin ] --END-- [ RunTime:0.001000s ]
NOTIC: [2048] Declaration of Think\Db\Driver\Mysql::parseKey() should be compatible with Think\Db\Driver::parseKey(&$key) D:\ying\upupw\htdocs\Include\Library\Think\Db\Driver\Mysql.class.php 第 20 行.
SQL: SHOW COLUMNS FROM `si_menu` [ RunTime:0.0070s ]
SQL: SELECT * FROM si_menu WHERE `status` = 1 ORDER BY sort,id  [ RunTime:0.0020s ]
SQL: SELECT * FROM si_menu WHERE `status` = 1 AND `quick` = 1 ORDER BY sort,id  [ RunTime:0.0010s ]
INFO: [ view_parse ] --START--
INFO: [ template_filter ] --START--
INFO: Run Behavior\ContentReplaceBehavior [ RunTime:0.000000s ]
INFO: [ template_filter ] --END-- [ RunTime:0.001000s ]
INFO: Run Behavior\ParseTemplateBehavior [ RunTime:0.028002s ]
INFO: [ view_parse ] --END-- [ RunTime:0.029002s ]
INFO: [ view_filter ] --START--
INFO: Run Behavior\WriteHtmlCacheBehavior [ RunTime:0.000000s ]
INFO: Run Behavior\TokenBuildBehavior [ RunTime:0.001000s ]
INFO: [ view_filter ] --END-- [ RunTime:0.002000s ]
INFO: [ app_end ] --START--
INFO: Run Behavior\ShowPageTraceBehavior [ RunTime:0.001000s ]
INFO: [ app_end ] --END-- [ RunTime:0.002000s ]

[ 2017-08-07T15:55:50+08:00 ] 10.4.8.99 /sim.php?s=/Public/main
INFO: [ app_init ] --START--
INFO: Run Behavior\BuildLiteBehavior [ RunTime:0.000000s ]
INFO: [ app_init ] --END-- [ RunTime:0.001000s ]
INFO: [ app_begin ] --START--
INFO: Run Behavior\ReadHtmlCacheBehavior [ RunTime:0.001000s ]
INFO: [ app_begin ] --END-- [ RunTime:0.001000s ]
NOTIC: [2048] Declaration of Think\Db\Driver\Mysql::parseKey() should be compatible with Think\Db\Driver::parseKey(&$key) D:\ying\upupw\htdocs\Include\Library\Think\Db\Driver\Mysql.class.php 第 20 行.
SQL: SHOW COLUMNS FROM `si_article` [ RunTime:0.0080s ]
SQL: SHOW COLUMNS FROM `si_product` [ RunTime:0.0080s ]
SQL: SELECT COUNT(*) AS tp_count FROM si_article LIMIT 1   [ RunTime:0.0010s ]
SQL: SELECT COUNT(*) AS tp_count FROM si_article WHERE ( cid=18 ) LIMIT 1   [ RunTime:0.0000s ]
SQL: SELECT COUNT(*) AS tp_count FROM si_article WHERE ( cid=57 ) LIMIT 1   [ RunTime:0.0010s ]
SQL: SELECT COUNT(*) AS tp_count FROM si_article WHERE ( cid=41 ) LIMIT 1   [ RunTime:0.0010s ]
SQL: SELECT COUNT(*) AS tp_count FROM si_product LIMIT 1   [ RunTime:0.0000s ]
SQL: SELECT COUNT(*) AS tp_count FROM si_product WHERE ( cid=21 ) LIMIT 1   [ RunTime:0.0000s ]
SQL: SELECT COUNT(*) AS tp_count FROM si_product WHERE ( cid=22 ) LIMIT 1   [ RunTime:0.0010s ]
SQL: SELECT COUNT(*) AS tp_count FROM si_product WHERE ( cid=23 ) LIMIT 1   [ RunTime:0.0010s ]
SQL: SELECT VERSION() as ver; [ RunTime:0.0010s ]
INFO: [ view_parse ] --START--
INFO: [ template_filter ] --START--
INFO: Run Behavior\ContentReplaceBehavior [ RunTime:0.000000s ]
INFO: [ template_filter ] --END-- [ RunTime:0.000000s ]
INFO: Run Behavior\ParseTemplateBehavior [ RunTime:0.015001s ]
INFO: [ view_parse ] --END-- [ RunTime:0.016001s ]
INFO: [ view_filter ] --START--
INFO: Run Behavior\WriteHtmlCacheBehavior [ RunTime:0.001000s ]
INFO: Run Behavior\TokenBuildBehavior [ RunTime:0.001000s ]
INFO: [ view_filter ] --END-- [ RunTime:0.003000s ]
INFO: [ app_end ] --START--
INFO: Run Behavior\ShowPageTraceBehavior [ RunTime:0.001000s ]
INFO: [ app_end ] --END-- [ RunTime:0.001000s ]

[ 2017-08-07T15:55:50+08:00 ] 10.4.8.99 /sim.php?s=/Index/getParentCate&pid=0&rnd=11860
INFO: [ app_init ] --START--
INFO: Run Behavior\BuildLiteBehavior [ RunTime:0.000000s ]
INFO: [ app_init ] --END-- [ RunTime:0.001000s ]
INFO: [ app_begin ] --START--
INFO: Run Behavior\ReadHtmlCacheBehavior [ RunTime:0.001000s ]
INFO: [ app_begin ] --END-- [ RunTime:0.001000s ]
NOTIC: [2048] Declaration of Think\Db\Driver\Mysql::parseKey() should be compatible with Think\Db\Driver::parseKey(&$key) D:\ying\upupw\htdocs\Include\Library\Think\Db\Driver\Mysql.class.php 第 20 行.
SQL: SHOW COLUMNS FROM `si_category` [ RunTime:0.0070s ]
SQL: SHOW COLUMNS FROM `si_model` [ RunTime:0.0070s ]
SQL: SELECT COUNT(*) AS tp_count FROM si_category category LEFT JOIN si_model model ON category.modelid = model.id  WHERE category.pid = 0 AND category.type = 0 LIMIT 1   [ RunTime:0.0010s ]
SQL: SELECT category.id AS id,category.name AS name,category.ename AS ename,category.catpic AS catpic,category.pid AS pid,category.modelid AS modelid,category.type AS type,category.seotitle AS seotitle,category.keywords AS keywords,category.description AS description,category.template_category AS template_category,category.template_list AS template_list,category.template_show AS template_show,category.status AS status,category.sort AS sort,category.litpic AS litpic,model.name AS modelname,model.tablename AS tablename FROM si_category category LEFT JOIN si_model model ON category.modelid = model.id  WHERE category.pid = 0 AND category.type = 0 ORDER BY category.sort ASC,category.id ASC  [ RunTime:0.0010s ]
SQL: SHOW COLUMNS FROM `si_category_access` [ RunTime:0.0090s ]
SQL: SELECT DISTINCT  `catid` FROM si_category_access WHERE `flag` = 1 AND `roleid` = 7  [ RunTime:0.0010s ]

[ 2017-08-07T15:55:52+08:00 ] 10.4.8.99 /sim.php?s=/Category/index
INFO: [ app_init ] --START--
INFO: Run Behavior\BuildLiteBehavior [ RunTime:0.000000s ]
INFO: [ app_init ] --END-- [ RunTime:0.001000s ]
INFO: [ app_begin ] --START--
INFO: Run Behavior\ReadHtmlCacheBehavior [ RunTime:0.002001s ]
INFO: [ app_begin ] --END-- [ RunTime:0.002001s ]
NOTIC: [2048] Declaration of Think\Db\Driver\Mysql::parseKey() should be compatible with Think\Db\Driver::parseKey(&$key) D:\ying\upupw\htdocs\Include\Library\Think\Db\Driver\Mysql.class.php 第 20 行.
SQL: SHOW COLUMNS FROM `si_category` [ RunTime:0.0070s ]
SQL: SHOW COLUMNS FROM `si_model` [ RunTime:0.0070s ]
SQL: SELECT category.id AS id,category.name AS name,category.ename AS ename,category.catpic AS catpic,category.pid AS pid,category.modelid AS modelid,category.type AS type,category.seotitle AS seotitle,category.keywords AS keywords,category.description AS description,category.template_category AS template_category,category.template_list AS template_list,category.template_show AS template_show,category.status AS status,category.sort AS sort,category.litpic AS litpic,model.name AS modelname,model.tablename AS tablename FROM si_category category LEFT JOIN si_model model ON category.modelid = model.id  ORDER BY category.sort ASC,category.id ASC  [ RunTime:0.0040s ]
INFO: [ view_parse ] --START--
INFO: [ template_filter ] --START--
INFO: Run Behavior\ContentReplaceBehavior [ RunTime:0.000000s ]
INFO: [ template_filter ] --END-- [ RunTime:0.000000s ]
INFO: Run Behavior\ParseTemplateBehavior [ RunTime:0.110007s ]
INFO: [ view_parse ] --END-- [ RunTime:0.110007s ]
INFO: [ view_filter ] --START--
INFO: Run Behavior\WriteHtmlCacheBehavior [ RunTime:0.001000s ]
INFO: Run Behavior\TokenBuildBehavior [ RunTime:0.004000s ]
INFO: [ view_filter ] --END-- [ RunTime:0.006000s ]
INFO: [ app_end ] --START--
INFO: Run Behavior\ShowPageTraceBehavior [ RunTime:0.002000s ]
INFO: [ app_end ] --END-- [ RunTime:0.002000s ]

[ 2017-08-07T15:55:53+08:00 ] 10.4.8.99 /sim.php?s=/Category/edit/id/11
INFO: [ app_init ] --START--
INFO: Run Behavior\BuildLiteBehavior [ RunTime:0.000000s ]
INFO: [ app_init ] --END-- [ RunTime:0.002000s ]
INFO: [ app_begin ] --START--
INFO: Run Behavior\ReadHtmlCacheBehavior [ RunTime:0.001000s ]
INFO: [ app_begin ] --END-- [ RunTime:0.001000s ]
NOTIC: [2048] Declaration of Think\Db\Driver\Mysql::parseKey() should be compatible with Think\Db\Driver::parseKey(&$key) D:\ying\upupw\htdocs\Include\Library\Think\Db\Driver\Mysql.class.php 第 20 行.
SQL: SHOW COLUMNS FROM `si_category` [ RunTime:0.0070s ]
SQL: SELECT * FROM si_category WHERE `id` = 11 LIMIT 1   [ RunTime:0.0010s ]
SQL: SELECT * FROM si_category ORDER BY sort  [ RunTime:0.0030s ]
SQL: SHOW COLUMNS FROM `si_model` [ RunTime:0.0070s ]
SQL: SELECT * FROM si_model WHERE `status` = 1 ORDER BY sort  [ RunTime:0.0010s ]
SQL: SHOW COLUMNS FROM `si_membergroup` [ RunTime:0.0070s ]
SQL: SELECT * FROM si_membergroup ORDER BY rank  [ RunTime:0.0010s ]
SQL: SHOW COLUMNS FROM `si_role` [ RunTime:0.0060s ]
SQL: SELECT * FROM si_role ORDER BY id  [ RunTime:0.0010s ]
INFO: [ view_parse ] --START--
INFO: [ template_filter ] --START--
INFO: Run Behavior\ContentReplaceBehavior [ RunTime:0.001000s ]
INFO: [ template_filter ] --END-- [ RunTime:0.001000s ]
SQL: SHOW COLUMNS FROM `si_category_access` [ RunTime:0.0070s ]
SQL: SELECT * FROM si_category_access WHERE `catid` = 11  [ RunTime:0.0010s ]
INFO: Run Behavior\ParseTemplateBehavior [ RunTime:0.054003s ]
INFO: [ view_parse ] --END-- [ RunTime:0.054003s ]
INFO: [ view_filter ] --START--
INFO: Run Behavior\WriteHtmlCacheBehavior [ RunTime:0.001000s ]
INFO: Run Behavior\TokenBuildBehavior [ RunTime:0.003001s ]
INFO: [ view_filter ] --END-- [ RunTime:0.004001s ]
INFO: [ app_end ] --START--
INFO: Run Behavior\ShowPageTraceBehavior [ RunTime:0.001000s ]
INFO: [ app_end ] --END-- [ RunTime:0.001000s ]

